{"uid":"44adff83d0883e7a","name":"TC02Project Creation","fullName":"TC02Project Creation","historyId":"TC02Project Creation","time":{"start":1686082439191,"stop":1686082456183,"duration":16992},"status":"failed","statusMessage":"element click intercepted: Element <a class=\"_2a3b75a1 _509a57b4 e5a9206f _50ba6b6b _4a93668a f6342c26\" href=\"/app/projects\">...</a> is not clickable at point (126, 244). Other element would receive the click: <div class=\"GB_overlay\" style=\"z-index: 995; opacity: 0.8; width: 100%; height: 1080px;\"></div>\n  (Session info: headless chrome=114.0.5735.106)","statusTrace":"OpenQA.Selenium.ElementClickInterceptedException: element click intercepted: Element <a class=\"_2a3b75a1 _509a57b4 e5a9206f _50ba6b6b _4a93668a f6342c26\" href=\"/app/projects\">...</a> is not clickable at point (126, 244). Other element would receive the click: <div class=\"GB_overlay\" style=\"z-index: 995; opacity: 0.8; width: 100%; height: 1080px;\"></div>\n  (Session info: headless chrome=114.0.5735.106)\n   at OpenQA.Selenium.WebDriver.UnpackAndThrowOnError(Response errorResponse, String commandToExecute)\n   at OpenQA.Selenium.WebDriver.Execute(String driverCommandToExecute, Dictionary`2 parameters)\n   at OpenQA.Selenium.WebDriver.InternalExecute(String driverCommandToExecute, Dictionary`2 parameters)\n   at OpenQA.Selenium.WebElement.Execute(String commandToExecute, Dictionary`2 parameters)\n   at OpenQA.Selenium.WebElement.Click()\n   at Todoist_BDD.src.code.control.Control.Click() in /home/runner/work/Todoist-BDD/Todoist-BDD/Todoist-BDD/src/code/control/Control.cs:line 29\n   at Todoist_BDD.src.code.test.specflow.CreateProjectStepDefinitions.WhenINavigateToProjects() in /home/runner/work/Todoist-BDD/Todoist-BDD/Todoist-BDD/src/code/test/specflow/CreateProjectStepDefinitions.cs:line 62\n   at TechTalk.SpecFlow.Bindings.BindingInvoker.InvokeBinding(IBinding binding, IContextManager contextManager, Object[] arguments, ITestTracer testTracer, TimeSpan& duration)\n   at Allure.SpecFlowPlugin.AllureBindingInvoker.InvokeBinding(IBinding binding, IContextManager contextManager, Object[] arguments, ITestTracer testTracer, TimeSpan& duration)\n   at TechTalk.SpecFlow.Infrastructure.TestExecutionEngine.ExecuteStepMatch(BindingMatch match, Object[] arguments, TimeSpan& duration)\n   at TechTalk.SpecFlow.Infrastructure.TestExecutionEngine.ExecuteStep(IContextManager contextManager, StepInstance stepInstance)","flaky":false,"newFailed":false,"newBroken":false,"newPassed":false,"retriesCount":10,"retriesStatusChange":true,"beforeStages":[],"testStage":{"status":"failed","statusMessage":"element click intercepted: Element <a class=\"_2a3b75a1 _509a57b4 e5a9206f _50ba6b6b _4a93668a f6342c26\" href=\"/app/projects\">...</a> is not clickable at point (126, 244). Other element would receive the click: <div class=\"GB_overlay\" style=\"z-index: 995; opacity: 0.8; width: 100%; height: 1080px;\"></div>\n  (Session info: headless chrome=114.0.5735.106)","statusTrace":"OpenQA.Selenium.ElementClickInterceptedException: element click intercepted: Element <a class=\"_2a3b75a1 _509a57b4 e5a9206f _50ba6b6b _4a93668a f6342c26\" href=\"/app/projects\">...</a> is not clickable at point (126, 244). Other element would receive the click: <div class=\"GB_overlay\" style=\"z-index: 995; opacity: 0.8; width: 100%; height: 1080px;\"></div>\n  (Session info: headless chrome=114.0.5735.106)\n   at OpenQA.Selenium.WebDriver.UnpackAndThrowOnError(Response errorResponse, String commandToExecute)\n   at OpenQA.Selenium.WebDriver.Execute(String driverCommandToExecute, Dictionary`2 parameters)\n   at OpenQA.Selenium.WebDriver.InternalExecute(String driverCommandToExecute, Dictionary`2 parameters)\n   at OpenQA.Selenium.WebElement.Execute(String commandToExecute, Dictionary`2 parameters)\n   at OpenQA.Selenium.WebElement.Click()\n   at Todoist_BDD.src.code.control.Control.Click() in /home/runner/work/Todoist-BDD/Todoist-BDD/Todoist-BDD/src/code/control/Control.cs:line 29\n   at Todoist_BDD.src.code.test.specflow.CreateProjectStepDefinitions.WhenINavigateToProjects() in /home/runner/work/Todoist-BDD/Todoist-BDD/Todoist-BDD/src/code/test/specflow/CreateProjectStepDefinitions.cs:line 62\n   at TechTalk.SpecFlow.Bindings.BindingInvoker.InvokeBinding(IBinding binding, IContextManager contextManager, Object[] arguments, ITestTracer testTracer, TimeSpan& duration)\n   at Allure.SpecFlowPlugin.AllureBindingInvoker.InvokeBinding(IBinding binding, IContextManager contextManager, Object[] arguments, ITestTracer testTracer, TimeSpan& duration)\n   at TechTalk.SpecFlow.Infrastructure.TestExecutionEngine.ExecuteStepMatch(BindingMatch match, Object[] arguments, TimeSpan& duration)\n   at TechTalk.SpecFlow.Infrastructure.TestExecutionEngine.ExecuteStep(IContextManager contextManager, StepInstance stepInstance)","steps":[{"name":"Given  I am correctly logged in","time":{"start":1686082439191,"stop":1686082444042,"duration":4851},"status":"passed","steps":[],"attachments":[],"parameters":[],"stepsCount":0,"attachmentsCount":0,"shouldDisplayMessage":false,"hasContent":false},{"name":"When  I navigate to Projects","time":{"start":1686082444042,"stop":1686082456175,"duration":12133},"status":"failed","steps":[],"attachments":[],"parameters":[],"stepsCount":0,"attachmentsCount":0,"shouldDisplayMessage":false,"hasContent":false},{"name":"And  I try to add a new project with name \"MojixProject\"","time":{"start":1686082456176,"stop":1686082456177,"duration":1},"status":"skipped","steps":[],"attachments":[],"parameters":[],"stepsCount":0,"attachmentsCount":0,"shouldDisplayMessage":false,"hasContent":false},{"name":"Then  I expect the Add button to be enabled","time":{"start":1686082456179,"stop":1686082456180,"duration":1},"status":"skipped","steps":[],"attachments":[],"parameters":[],"stepsCount":0,"attachmentsCount":0,"shouldDisplayMessage":false,"hasContent":false},{"name":"When  I click on Add button","time":{"start":1686082456180,"stop":1686082456180,"duration":0},"status":"skipped","steps":[],"attachments":[],"parameters":[],"stepsCount":0,"attachmentsCount":0,"shouldDisplayMessage":false,"hasContent":false},{"name":"Then  I expect project to be displayed","time":{"start":1686082456180,"stop":1686082456180,"duration":0},"status":"skipped","steps":[],"attachments":[],"parameters":[],"stepsCount":0,"attachmentsCount":0,"shouldDisplayMessage":false,"hasContent":false}],"attachments":[],"parameters":[],"stepsCount":6,"attachmentsCount":0,"shouldDisplayMessage":true,"hasContent":true},"afterStages":[],"labels":[{"name":"thread","value":"NonParallelWorker"},{"name":"host","value":"fv-az593-404"},{"name":"feature","value":"TodoistCRUD"},{"name":"tag","value":"project-creation"},{"name":"tag","value":"functionality"},{"name":"resultFormat","value":"allure2"}],"parameters":[],"links":[],"hidden":false,"retry":false,"extra":{"severity":"normal","retries":[{"uid":"bd644add58597920","status":"passed","time":{"start":1686080068686,"stop":1686080089649,"duration":20963}},{"uid":"5e4241b02298678","status":"failed","statusDetails":"no such element: Unable to locate element: {\"method\":\"xpath\",\"selector\":\"//div[@id='left_menu_inner']//a[contains(@href,'projects')]\"}\n  (Session info: headless chrome=113.0.5672.129)","time":{"start":1686079553363,"stop":1686079571422,"duration":18059}},{"uid":"ab81b1758dc7cf3b","status":"passed","time":{"start":1686079316424,"stop":1686079340556,"duration":24132}},{"uid":"79ecec439f2aa6d7","status":"passed","time":{"start":1686079136073,"stop":1686079166816,"duration":30743}},{"uid":"d645fc0062fba2b9","status":"passed","time":{"start":1686065398406,"stop":1686065421986,"duration":23580}},{"uid":"3a1fac8c74ebc7a2","status":"passed","time":{"start":1686065242502,"stop":1686065258867,"duration":16365}},{"uid":"169f8ca8d9103fd7","status":"passed","time":{"start":1686065004403,"stop":1686065022199,"duration":17796}},{"uid":"133327323e67ce7f","status":"passed","time":{"start":1686064840730,"stop":1686064858856,"duration":18126}},{"uid":"d77da15b2a0873f8","status":"passed","time":{"start":1685943205121,"stop":1685943222244,"duration":17123}},{"uid":"585396e6e759257a","status":"passed","time":{"start":1685942723962,"stop":1685942746360,"duration":22398}}],"categories":[{"name":"Product defects","matchedStatuses":[],"flaky":false}],"tags":["project-creation","functionality"]},"source":"44adff83d0883e7a.json","parameterValues":[]}