{"uid":"63286e14609b0060","name":"TC02Project Creation","fullName":"TC02Project Creation","historyId":"TC02Project Creation","time":{"start":1686079553363,"stop":1686079571422,"duration":18059},"status":"failed","statusMessage":"no such element: Unable to locate element: {\"method\":\"xpath\",\"selector\":\"//div[@id='left_menu_inner']//a[contains(@href,'projects')]\"}\n  (Session info: headless chrome=113.0.5672.129)","statusTrace":"OpenQA.Selenium.NoSuchElementException: no such element: Unable to locate element: {\"method\":\"xpath\",\"selector\":\"//div[@id='left_menu_inner']//a[contains(@href,'projects')]\"}\n  (Session info: headless chrome=113.0.5672.129)\r\n   at OpenQA.Selenium.WebDriver.UnpackAndThrowOnError(Response errorResponse, String commandToExecute)\r\n   at OpenQA.Selenium.WebDriver.Execute(String driverCommandToExecute, Dictionary`2 parameters)\r\n   at OpenQA.Selenium.WebDriver.FindElement(String mechanism, String value)\r\n   at OpenQA.Selenium.By.<.ctor>b__11_0(ISearchContext context)\r\n   at OpenQA.Selenium.By.FindElement(ISearchContext context)\r\n   at OpenQA.Selenium.WebDriver.FindElement(By by)\r\n   at Todoist_BDD.src.code.control.Control.FindControl() in D:\\QABootcamp\\Todoist-BDD\\Todoist-BDD\\src\\code\\control\\Control.cs:line 23\r\n   at Todoist_BDD.src.code.control.Control.Click() in D:\\QABootcamp\\Todoist-BDD\\Todoist-BDD\\src\\code\\control\\Control.cs:line 28\r\n   at Todoist_BDD.src.code.test.specflow.CreateProjectStepDefinitions.WhenINavigateToProjects() in D:\\QABootcamp\\Todoist-BDD\\Todoist-BDD\\src\\code\\test\\specflow\\CreateProjectStepDefinitions.cs:line 20\r\n   at TechTalk.SpecFlow.Bindings.BindingInvoker.InvokeBinding(IBinding binding, IContextManager contextManager, Object[] arguments, ITestTracer testTracer, TimeSpan& duration)\r\n   at Allure.SpecFlowPlugin.AllureBindingInvoker.InvokeBinding(IBinding binding, IContextManager contextManager, Object[] arguments, ITestTracer testTracer, TimeSpan& duration)\r\n   at TechTalk.SpecFlow.Infrastructure.TestExecutionEngine.ExecuteStepMatch(BindingMatch match, Object[] arguments, TimeSpan& duration)\r\n   at TechTalk.SpecFlow.Infrastructure.TestExecutionEngine.ExecuteStep(IContextManager contextManager, StepInstance stepInstance)","flaky":false,"newFailed":false,"newBroken":false,"newPassed":false,"retriesCount":0,"retriesStatusChange":false,"beforeStages":[],"testStage":{"status":"failed","statusMessage":"no such element: Unable to locate element: {\"method\":\"xpath\",\"selector\":\"//div[@id='left_menu_inner']//a[contains(@href,'projects')]\"}\n  (Session info: headless chrome=113.0.5672.129)","statusTrace":"OpenQA.Selenium.NoSuchElementException: no such element: Unable to locate element: {\"method\":\"xpath\",\"selector\":\"//div[@id='left_menu_inner']//a[contains(@href,'projects')]\"}\n  (Session info: headless chrome=113.0.5672.129)\r\n   at OpenQA.Selenium.WebDriver.UnpackAndThrowOnError(Response errorResponse, String commandToExecute)\r\n   at OpenQA.Selenium.WebDriver.Execute(String driverCommandToExecute, Dictionary`2 parameters)\r\n   at OpenQA.Selenium.WebDriver.FindElement(String mechanism, String value)\r\n   at OpenQA.Selenium.By.<.ctor>b__11_0(ISearchContext context)\r\n   at OpenQA.Selenium.By.FindElement(ISearchContext context)\r\n   at OpenQA.Selenium.WebDriver.FindElement(By by)\r\n   at Todoist_BDD.src.code.control.Control.FindControl() in D:\\QABootcamp\\Todoist-BDD\\Todoist-BDD\\src\\code\\control\\Control.cs:line 23\r\n   at Todoist_BDD.src.code.control.Control.Click() in D:\\QABootcamp\\Todoist-BDD\\Todoist-BDD\\src\\code\\control\\Control.cs:line 28\r\n   at Todoist_BDD.src.code.test.specflow.CreateProjectStepDefinitions.WhenINavigateToProjects() in D:\\QABootcamp\\Todoist-BDD\\Todoist-BDD\\src\\code\\test\\specflow\\CreateProjectStepDefinitions.cs:line 20\r\n   at TechTalk.SpecFlow.Bindings.BindingInvoker.InvokeBinding(IBinding binding, IContextManager contextManager, Object[] arguments, ITestTracer testTracer, TimeSpan& duration)\r\n   at Allure.SpecFlowPlugin.AllureBindingInvoker.InvokeBinding(IBinding binding, IContextManager contextManager, Object[] arguments, ITestTracer testTracer, TimeSpan& duration)\r\n   at TechTalk.SpecFlow.Infrastructure.TestExecutionEngine.ExecuteStepMatch(BindingMatch match, Object[] arguments, TimeSpan& duration)\r\n   at TechTalk.SpecFlow.Infrastructure.TestExecutionEngine.ExecuteStep(IContextManager contextManager, StepInstance stepInstance)","steps":[{"name":"Given  I am correctly logged in","time":{"start":1686079553363,"stop":1686079561349,"duration":7986},"status":"passed","steps":[],"attachments":[],"parameters":[],"stepsCount":0,"attachmentsCount":0,"shouldDisplayMessage":false,"hasContent":false},{"name":"When  I navigate to Projects","time":{"start":1686079561349,"stop":1686079571417,"duration":10068},"status":"failed","steps":[],"attachments":[],"parameters":[],"stepsCount":0,"attachmentsCount":0,"shouldDisplayMessage":false,"hasContent":false},{"name":"And  I try to add a new project with name \"MojixProject\"","time":{"start":1686079571418,"stop":1686079571419,"duration":1},"status":"skipped","steps":[],"attachments":[],"parameters":[],"stepsCount":0,"attachmentsCount":0,"shouldDisplayMessage":false,"hasContent":false},{"name":"Then  I expect the Add button to be enabled","time":{"start":1686079571420,"stop":1686079571420,"duration":0},"status":"skipped","steps":[],"attachments":[],"parameters":[],"stepsCount":0,"attachmentsCount":0,"shouldDisplayMessage":false,"hasContent":false},{"name":"When  I click on Add button","time":{"start":1686079571420,"stop":1686079571420,"duration":0},"status":"skipped","steps":[],"attachments":[],"parameters":[],"stepsCount":0,"attachmentsCount":0,"shouldDisplayMessage":false,"hasContent":false},{"name":"Then  I expect project to be displayed","time":{"start":1686079571420,"stop":1686079571420,"duration":0},"status":"skipped","steps":[],"attachments":[],"parameters":[],"stepsCount":0,"attachmentsCount":0,"shouldDisplayMessage":false,"hasContent":false}],"attachments":[],"parameters":[],"stepsCount":6,"attachmentsCount":0,"shouldDisplayMessage":true,"hasContent":true},"afterStages":[],"labels":[{"name":"thread","value":"NonParallelWorker"},{"name":"host","value":"DESKTOP-4S814UH"},{"name":"feature","value":"TodoistCRUD"},{"name":"tag","value":"project-creation"},{"name":"tag","value":"functionality"},{"name":"resultFormat","value":"allure2"}],"parameters":[],"links":[],"hidden":true,"retry":true,"extra":{"categories":[],"tags":["project-creation","functionality"]},"source":"63286e14609b0060.json","parameterValues":[]}