{"uid":"688c1b61cc2dbec0","name":"TC03Updating Project Name","fullName":"TC03Updating Project Name","historyId":"TC03Updating Project Name","time":{"start":1686062556504,"stop":1686062556505,"duration":1},"status":"broken","statusMessage":"Unable to locate driver with path: /home/runner/work/Todoist-BDD/Todoist-BDD/Todoist-BDD/src/resources/chromedriver/chromedriver/chromedriver, for more information on how to install drivers see https://www.selenium.dev/documentation/webdriver/getting_started/install_drivers/ -> No process is associated with this object.","statusTrace":"OpenQA.Selenium.WebDriverException: Unable to locate driver with path: /home/runner/work/Todoist-BDD/Todoist-BDD/Todoist-BDD/src/resources/chromedriver/chromedriver/chromedriver, for more information on how to install drivers see https://www.selenium.dev/documentation/webdriver/getting_started/install_drivers/\n ---> System.InvalidOperationException: No process is associated with this object.\n   at System.Diagnostics.Process.EnsureState(State state)\n   at System.Diagnostics.Process.get_HasExited()\n   at System.Diagnostics.Process.EnsureState(State state)\n   at System.Diagnostics.Process.get_ExitCode()\n   at OpenQA.Selenium.SeleniumManager.RunCommand(String fileName, String arguments)\n   at OpenQA.Selenium.SeleniumManager.DriverPath(DriverOptions options)\n   at OpenQA.Selenium.DriverFinder.VerifyDriverServicePath(DriverService service, DriverOptions options)\n   --- End of inner exception stack trace ---\n   at OpenQA.Selenium.DriverFinder.VerifyDriverServicePath(DriverService service, DriverOptions options)\n   at OpenQA.Selenium.Chromium.ChromiumDriver..ctor(ChromiumDriverService service, ChromiumOptions options, TimeSpan commandTimeout)\n   at OpenQA.Selenium.Chrome.ChromeDriver..ctor(ChromeDriverService service, ChromeOptions options, TimeSpan commandTimeout)\n   at OpenQA.Selenium.Chrome.ChromeDriver..ctor(String chromeDriverDirectory, ChromeOptions options, TimeSpan commandTimeout)\n   at OpenQA.Selenium.Chrome.ChromeDriver..ctor(String chromeDriverDirectory, ChromeOptions options)\n   at Todoist_BDD.src.code.factoryBrowser.Chrome.Create() in /home/runner/work/Todoist-BDD/Todoist-BDD/Todoist-BDD/src/code/factoryBrowser/Chrome.cs:line 21\n   at Todoist_BDD.src.code.session.Session..ctor() in /home/runner/work/Todoist-BDD/Todoist-BDD/Todoist-BDD/src/code/session/Session.cs:line 20\n   at Todoist_BDD.src.code.session.Session.Instance() in /home/runner/work/Todoist-BDD/Todoist-BDD/Todoist-BDD/src/code/session/Session.cs:line 27\n   at Todoist_BDD.src.code.test.specflow.BaseSteps.CloseBrowser() in /home/runner/work/Todoist-BDD/Todoist-BDD/Todoist-BDD/src/code/test/specflow/BaseSteps.cs:line 30\n   at TechTalk.SpecFlow.Bindings.BindingInvoker.InvokeBinding(IBinding binding, IContextManager contextManager, Object[] arguments, ITestTracer testTracer, TimeSpan& duration)\n   at Allure.SpecFlowPlugin.AllureBindingInvoker.InvokeBinding(IBinding binding, IContextManager contextManager, Object[] arguments, ITestTracer testTracer, TimeSpan& duration)","flaky":false,"newFailed":false,"newBroken":false,"newPassed":false,"retriesCount":2,"retriesStatusChange":true,"beforeStages":[{"name":"OpenBrowser [10000]","time":{"start":1686062556503,"stop":1686062556504,"duration":1},"status":"broken","steps":[],"attachments":[],"parameters":[],"stepsCount":0,"attachmentsCount":0,"shouldDisplayMessage":false,"hasContent":false}],"testStage":{"status":"broken","statusMessage":"Unable to locate driver with path: /home/runner/work/Todoist-BDD/Todoist-BDD/Todoist-BDD/src/resources/chromedriver/chromedriver/chromedriver, for more information on how to install drivers see https://www.selenium.dev/documentation/webdriver/getting_started/install_drivers/ -> No process is associated with this object.","statusTrace":"OpenQA.Selenium.WebDriverException: Unable to locate driver with path: /home/runner/work/Todoist-BDD/Todoist-BDD/Todoist-BDD/src/resources/chromedriver/chromedriver/chromedriver, for more information on how to install drivers see https://www.selenium.dev/documentation/webdriver/getting_started/install_drivers/\n ---> System.InvalidOperationException: No process is associated with this object.\n   at System.Diagnostics.Process.EnsureState(State state)\n   at System.Diagnostics.Process.get_HasExited()\n   at System.Diagnostics.Process.EnsureState(State state)\n   at System.Diagnostics.Process.get_ExitCode()\n   at OpenQA.Selenium.SeleniumManager.RunCommand(String fileName, String arguments)\n   at OpenQA.Selenium.SeleniumManager.DriverPath(DriverOptions options)\n   at OpenQA.Selenium.DriverFinder.VerifyDriverServicePath(DriverService service, DriverOptions options)\n   --- End of inner exception stack trace ---\n   at OpenQA.Selenium.DriverFinder.VerifyDriverServicePath(DriverService service, DriverOptions options)\n   at OpenQA.Selenium.Chromium.ChromiumDriver..ctor(ChromiumDriverService service, ChromiumOptions options, TimeSpan commandTimeout)\n   at OpenQA.Selenium.Chrome.ChromeDriver..ctor(ChromeDriverService service, ChromeOptions options, TimeSpan commandTimeout)\n   at OpenQA.Selenium.Chrome.ChromeDriver..ctor(String chromeDriverDirectory, ChromeOptions options, TimeSpan commandTimeout)\n   at OpenQA.Selenium.Chrome.ChromeDriver..ctor(String chromeDriverDirectory, ChromeOptions options)\n   at Todoist_BDD.src.code.factoryBrowser.Chrome.Create() in /home/runner/work/Todoist-BDD/Todoist-BDD/Todoist-BDD/src/code/factoryBrowser/Chrome.cs:line 21\n   at Todoist_BDD.src.code.session.Session..ctor() in /home/runner/work/Todoist-BDD/Todoist-BDD/Todoist-BDD/src/code/session/Session.cs:line 20\n   at Todoist_BDD.src.code.session.Session.Instance() in /home/runner/work/Todoist-BDD/Todoist-BDD/Todoist-BDD/src/code/session/Session.cs:line 27\n   at Todoist_BDD.src.code.test.specflow.BaseSteps.CloseBrowser() in /home/runner/work/Todoist-BDD/Todoist-BDD/Todoist-BDD/src/code/test/specflow/BaseSteps.cs:line 30\n   at TechTalk.SpecFlow.Bindings.BindingInvoker.InvokeBinding(IBinding binding, IContextManager contextManager, Object[] arguments, ITestTracer testTracer, TimeSpan& duration)\n   at Allure.SpecFlowPlugin.AllureBindingInvoker.InvokeBinding(IBinding binding, IContextManager contextManager, Object[] arguments, ITestTracer testTracer, TimeSpan& duration)","steps":[{"name":"Given  I am correctly logged in","time":{"start":1686062556504,"stop":1686062556504,"duration":0},"status":"skipped","steps":[],"attachments":[],"parameters":[],"stepsCount":0,"attachmentsCount":0,"shouldDisplayMessage":false,"hasContent":false},{"name":"When  I hover on project with name \"MojixProject\"","time":{"start":1686062556505,"stop":1686062556505,"duration":0},"status":"skipped","steps":[],"attachments":[],"parameters":[],"stepsCount":0,"attachmentsCount":0,"shouldDisplayMessage":false,"hasContent":false},{"name":"And  I right click on it","time":{"start":1686062556505,"stop":1686062556505,"duration":0},"status":"skipped","steps":[],"attachments":[],"parameters":[],"stepsCount":0,"attachmentsCount":0,"shouldDisplayMessage":false,"hasContent":false},{"name":"And  I click on edit project button","time":{"start":1686062556505,"stop":1686062556505,"duration":0},"status":"skipped","steps":[],"attachments":[],"parameters":[],"stepsCount":0,"attachmentsCount":0,"shouldDisplayMessage":false,"hasContent":false},{"name":"And  I change the project name to \"Mojix2023\"","time":{"start":1686062556505,"stop":1686062556505,"duration":0},"status":"skipped","steps":[],"attachments":[],"parameters":[],"stepsCount":0,"attachmentsCount":0,"shouldDisplayMessage":false,"hasContent":false},{"name":"Then  I expect the project name changed in projects list","time":{"start":1686062556505,"stop":1686062556505,"duration":0},"status":"skipped","steps":[],"attachments":[],"parameters":[],"stepsCount":0,"attachmentsCount":0,"shouldDisplayMessage":false,"hasContent":false}],"attachments":[],"parameters":[],"stepsCount":6,"attachmentsCount":0,"shouldDisplayMessage":true,"hasContent":true},"afterStages":[{"name":"CloseBrowser [10000]","time":{"start":1686062556505,"stop":1686062556506,"duration":1},"status":"broken","steps":[],"attachments":[],"parameters":[],"stepsCount":0,"attachmentsCount":0,"shouldDisplayMessage":false,"hasContent":false}],"labels":[{"name":"thread","value":"NonParallelWorker"},{"name":"host","value":"fv-az589-393"},{"name":"feature","value":"TodoistCRUD"},{"name":"tag","value":"update-project-name"},{"name":"tag","value":"functionality"},{"name":"resultFormat","value":"allure2"}],"parameters":[],"links":[],"hidden":false,"retry":false,"extra":{"severity":"normal","retries":[{"uid":"e42dec8eb7698e85","status":"passed","time":{"start":1685943228690,"stop":1685943245849,"duration":17159}},{"uid":"ca4fd1e3f9fefaca","status":"passed","time":{"start":1685942746360,"stop":1685942769732,"duration":23372}}],"categories":[{"name":"Test defects","matchedStatuses":[],"flaky":false}],"tags":["update-project-name","functionality"]},"source":"688c1b61cc2dbec0.json","parameterValues":[]}