{"uid":"713c82452db487e5","name":"TC02Project Creation","fullName":"TC02Project Creation","historyId":"TC02Project Creation","time":{"start":1686078863990,"stop":1686078884051,"duration":20061},"status":"failed","statusMessage":"element click intercepted: Element <a class=\"_2a3b75a1 _509a57b4 e5a9206f _50ba6b6b _4a93668a f6342c26\" href=\"/app/projects\">...</a> is not clickable at point (126, 244). Other element would receive the click: <div class=\"GB_overlay\" style=\"z-index: 995; opacity: 0.8; width: 100%; height: 768px;\"></div>\n  (Session info: headless chrome=114.0.5735.106)","statusTrace":"OpenQA.Selenium.ElementClickInterceptedException: element click intercepted: Element <a class=\"_2a3b75a1 _509a57b4 e5a9206f _50ba6b6b _4a93668a f6342c26\" href=\"/app/projects\">...</a> is not clickable at point (126, 244). Other element would receive the click: <div class=\"GB_overlay\" style=\"z-index: 995; opacity: 0.8; width: 100%; height: 768px;\"></div>\n  (Session info: headless chrome=114.0.5735.106)\n   at OpenQA.Selenium.WebDriver.UnpackAndThrowOnError(Response errorResponse, String commandToExecute)\n   at OpenQA.Selenium.WebDriver.Execute(String driverCommandToExecute, Dictionary`2 parameters)\n   at OpenQA.Selenium.WebDriver.InternalExecute(String driverCommandToExecute, Dictionary`2 parameters)\n   at OpenQA.Selenium.WebElement.Execute(String commandToExecute, Dictionary`2 parameters)\n   at OpenQA.Selenium.WebElement.Click()\n   at Todoist_BDD.src.code.control.Control.Click() in /home/runner/work/Todoist-BDD/Todoist-BDD/Todoist-BDD/src/code/control/Control.cs:line 29\n   at Todoist_BDD.src.code.test.specflow.CreateProjectStepDefinitions.WhenINavigateToProjects() in /home/runner/work/Todoist-BDD/Todoist-BDD/Todoist-BDD/src/code/test/specflow/CreateProjectStepDefinitions.cs:line 20\n   at TechTalk.SpecFlow.Bindings.BindingInvoker.InvokeBinding(IBinding binding, IContextManager contextManager, Object[] arguments, ITestTracer testTracer, TimeSpan& duration)\n   at Allure.SpecFlowPlugin.AllureBindingInvoker.InvokeBinding(IBinding binding, IContextManager contextManager, Object[] arguments, ITestTracer testTracer, TimeSpan& duration)\n   at TechTalk.SpecFlow.Infrastructure.TestExecutionEngine.ExecuteStepMatch(BindingMatch match, Object[] arguments, TimeSpan& duration)\n   at TechTalk.SpecFlow.Infrastructure.TestExecutionEngine.ExecuteStep(IContextManager contextManager, StepInstance stepInstance)","flaky":false,"newFailed":false,"newBroken":false,"newPassed":false,"retriesCount":6,"retriesStatusChange":true,"beforeStages":[],"testStage":{"status":"failed","statusMessage":"element click intercepted: Element <a class=\"_2a3b75a1 _509a57b4 e5a9206f _50ba6b6b _4a93668a f6342c26\" href=\"/app/projects\">...</a> is not clickable at point (126, 244). Other element would receive the click: <div class=\"GB_overlay\" style=\"z-index: 995; opacity: 0.8; width: 100%; height: 768px;\"></div>\n  (Session info: headless chrome=114.0.5735.106)","statusTrace":"OpenQA.Selenium.ElementClickInterceptedException: element click intercepted: Element <a class=\"_2a3b75a1 _509a57b4 e5a9206f _50ba6b6b _4a93668a f6342c26\" href=\"/app/projects\">...</a> is not clickable at point (126, 244). Other element would receive the click: <div class=\"GB_overlay\" style=\"z-index: 995; opacity: 0.8; width: 100%; height: 768px;\"></div>\n  (Session info: headless chrome=114.0.5735.106)\n   at OpenQA.Selenium.WebDriver.UnpackAndThrowOnError(Response errorResponse, String commandToExecute)\n   at OpenQA.Selenium.WebDriver.Execute(String driverCommandToExecute, Dictionary`2 parameters)\n   at OpenQA.Selenium.WebDriver.InternalExecute(String driverCommandToExecute, Dictionary`2 parameters)\n   at OpenQA.Selenium.WebElement.Execute(String commandToExecute, Dictionary`2 parameters)\n   at OpenQA.Selenium.WebElement.Click()\n   at Todoist_BDD.src.code.control.Control.Click() in /home/runner/work/Todoist-BDD/Todoist-BDD/Todoist-BDD/src/code/control/Control.cs:line 29\n   at Todoist_BDD.src.code.test.specflow.CreateProjectStepDefinitions.WhenINavigateToProjects() in /home/runner/work/Todoist-BDD/Todoist-BDD/Todoist-BDD/src/code/test/specflow/CreateProjectStepDefinitions.cs:line 20\n   at TechTalk.SpecFlow.Bindings.BindingInvoker.InvokeBinding(IBinding binding, IContextManager contextManager, Object[] arguments, ITestTracer testTracer, TimeSpan& duration)\n   at Allure.SpecFlowPlugin.AllureBindingInvoker.InvokeBinding(IBinding binding, IContextManager contextManager, Object[] arguments, ITestTracer testTracer, TimeSpan& duration)\n   at TechTalk.SpecFlow.Infrastructure.TestExecutionEngine.ExecuteStepMatch(BindingMatch match, Object[] arguments, TimeSpan& duration)\n   at TechTalk.SpecFlow.Infrastructure.TestExecutionEngine.ExecuteStep(IContextManager contextManager, StepInstance stepInstance)","steps":[{"name":"Given  I am correctly logged in","time":{"start":1686078863990,"stop":1686078868493,"duration":4503},"status":"passed","steps":[],"attachments":[],"parameters":[],"stepsCount":0,"attachmentsCount":0,"shouldDisplayMessage":false,"hasContent":false},{"name":"When  I navigate to Projects","time":{"start":1686078868493,"stop":1686078884043,"duration":15550},"status":"failed","steps":[],"attachments":[],"parameters":[],"stepsCount":0,"attachmentsCount":0,"shouldDisplayMessage":false,"hasContent":false},{"name":"And  I try to add a new project with name \"MojixProject\"","time":{"start":1686078884044,"stop":1686078884045,"duration":1},"status":"skipped","steps":[],"attachments":[],"parameters":[],"stepsCount":0,"attachmentsCount":0,"shouldDisplayMessage":false,"hasContent":false},{"name":"Then  I expect the Add button to be enabled","time":{"start":1686078884047,"stop":1686078884047,"duration":0},"status":"skipped","steps":[],"attachments":[],"parameters":[],"stepsCount":0,"attachmentsCount":0,"shouldDisplayMessage":false,"hasContent":false},{"name":"When  I click on Add button","time":{"start":1686078884047,"stop":1686078884047,"duration":0},"status":"skipped","steps":[],"attachments":[],"parameters":[],"stepsCount":0,"attachmentsCount":0,"shouldDisplayMessage":false,"hasContent":false},{"name":"Then  I expect project to be displayed","time":{"start":1686078884047,"stop":1686078884047,"duration":0},"status":"skipped","steps":[],"attachments":[],"parameters":[],"stepsCount":0,"attachmentsCount":0,"shouldDisplayMessage":false,"hasContent":false}],"attachments":[],"parameters":[],"stepsCount":6,"attachmentsCount":0,"shouldDisplayMessage":true,"hasContent":true},"afterStages":[],"labels":[{"name":"thread","value":"NonParallelWorker"},{"name":"host","value":"fv-az447-632"},{"name":"feature","value":"TodoistCRUD"},{"name":"tag","value":"project-creation"},{"name":"tag","value":"functionality"},{"name":"resultFormat","value":"allure2"}],"parameters":[],"links":[],"hidden":false,"retry":false,"extra":{"severity":"normal","retries":[{"uid":"9e390d998e94aaf1","status":"passed","time":{"start":1686065398406,"stop":1686065421986,"duration":23580}},{"uid":"b5d25ee316df051e","status":"passed","time":{"start":1686065242502,"stop":1686065258867,"duration":16365}},{"uid":"d6b923c16f08b48a","status":"passed","time":{"start":1686065004403,"stop":1686065022199,"duration":17796}},{"uid":"537b714ca6ff619","status":"passed","time":{"start":1686064840730,"stop":1686064858856,"duration":18126}},{"uid":"330ce6c7e7e4486c","status":"passed","time":{"start":1685943205121,"stop":1685943222244,"duration":17123}},{"uid":"f33cc3b0556a8183","status":"passed","time":{"start":1685942723962,"stop":1685942746360,"duration":22398}}],"categories":[{"name":"Product defects","matchedStatuses":[],"flaky":false}],"tags":["project-creation","functionality"]},"source":"713c82452db487e5.json","parameterValues":[]}