{"uid":"745028acd7351508","name":"TC01LogIn","fullName":"TC01LogIn","historyId":"TC01LogIn","time":{"start":1686068065083,"stop":1686068066254,"duration":1171},"status":"failed","statusMessage":"unknown error: Chrome failed to start: exited abnormally.\n  (unknown error: DevToolsActivePort file doesn't exist)\n  (The process started from chrome location /usr/bin/google-chrome is no longer running, so ChromeDriver is assuming that Chrome has crashed.)","statusTrace":"OpenQA.Selenium.WebDriverException: unknown error: Chrome failed to start: exited abnormally.\n  (unknown error: DevToolsActivePort file doesn't exist)\n  (The process started from chrome location /usr/bin/google-chrome is no longer running, so ChromeDriver is assuming that Chrome has crashed.)\n   at OpenQA.Selenium.WebDriver.UnpackAndThrowOnError(Response errorResponse, String commandToExecute)\n   at OpenQA.Selenium.WebDriver.Execute(String driverCommandToExecute, Dictionary`2 parameters)\n   at OpenQA.Selenium.WebDriver.StartSession(ICapabilities desiredCapabilities)\n   at OpenQA.Selenium.WebDriver..ctor(ICommandExecutor executor, ICapabilities capabilities)\n   at OpenQA.Selenium.Chromium.ChromiumDriver..ctor(ChromiumDriverService service, ChromiumOptions options, TimeSpan commandTimeout)\n   at OpenQA.Selenium.Chrome.ChromeDriver..ctor(ChromeDriverService service, ChromeOptions options, TimeSpan commandTimeout)\n   at OpenQA.Selenium.Chrome.ChromeDriver..ctor(String chromeDriverDirectory, ChromeOptions options, TimeSpan commandTimeout)\n   at OpenQA.Selenium.Chrome.ChromeDriver..ctor(String chromeDriverDirectory, ChromeOptions options)\n   at Todoist_BDD.src.code.factoryBrowser.Chrome.Create() in /home/runner/work/Todoist-BDD/Todoist-BDD/Todoist-BDD/src/code/factoryBrowser/Chrome.cs:line 22\n   at Todoist_BDD.src.code.session.Session..ctor() in /home/runner/work/Todoist-BDD/Todoist-BDD/Todoist-BDD/src/code/session/Session.cs:line 20\n   at Todoist_BDD.src.code.session.Session.Instance() in /home/runner/work/Todoist-BDD/Todoist-BDD/Todoist-BDD/src/code/session/Session.cs:line 27\n   at Todoist_BDD.src.code.test.specflow.BaseSteps.OpenBrowser() in /home/runner/work/Todoist-BDD/Todoist-BDD/Todoist-BDD/src/code/test/specflow/BaseSteps.cs:line 23\n   at Todoist_BDD.src.code.test.specflow.LogInStepDefinitions.GivenAValidEmailAndPassword(Table table) in /home/runner/work/Todoist-BDD/Todoist-BDD/Todoist-BDD/src/code/test/specflow/LogInStepDefinitions.cs:line 17\n   at TechTalk.SpecFlow.Bindings.BindingInvoker.InvokeBinding(IBinding binding, IContextManager contextManager, Object[] arguments, ITestTracer testTracer, TimeSpan& duration)\n   at Allure.SpecFlowPlugin.AllureBindingInvoker.InvokeBinding(IBinding binding, IContextManager contextManager, Object[] arguments, ITestTracer testTracer, TimeSpan& duration)\n   at TechTalk.SpecFlow.Infrastructure.TestExecutionEngine.ExecuteStepMatch(BindingMatch match, Object[] arguments, TimeSpan& duration)\n   at TechTalk.SpecFlow.Infrastructure.TestExecutionEngine.ExecuteStep(IContextManager contextManager, StepInstance stepInstance)","flaky":false,"newFailed":false,"newBroken":false,"newPassed":false,"retriesCount":10,"retriesStatusChange":true,"beforeStages":[],"testStage":{"status":"failed","statusMessage":"unknown error: Chrome failed to start: exited abnormally.\n  (unknown error: DevToolsActivePort file doesn't exist)\n  (The process started from chrome location /usr/bin/google-chrome is no longer running, so ChromeDriver is assuming that Chrome has crashed.)","statusTrace":"OpenQA.Selenium.WebDriverException: unknown error: Chrome failed to start: exited abnormally.\n  (unknown error: DevToolsActivePort file doesn't exist)\n  (The process started from chrome location /usr/bin/google-chrome is no longer running, so ChromeDriver is assuming that Chrome has crashed.)\n   at OpenQA.Selenium.WebDriver.UnpackAndThrowOnError(Response errorResponse, String commandToExecute)\n   at OpenQA.Selenium.WebDriver.Execute(String driverCommandToExecute, Dictionary`2 parameters)\n   at OpenQA.Selenium.WebDriver.StartSession(ICapabilities desiredCapabilities)\n   at OpenQA.Selenium.WebDriver..ctor(ICommandExecutor executor, ICapabilities capabilities)\n   at OpenQA.Selenium.Chromium.ChromiumDriver..ctor(ChromiumDriverService service, ChromiumOptions options, TimeSpan commandTimeout)\n   at OpenQA.Selenium.Chrome.ChromeDriver..ctor(ChromeDriverService service, ChromeOptions options, TimeSpan commandTimeout)\n   at OpenQA.Selenium.Chrome.ChromeDriver..ctor(String chromeDriverDirectory, ChromeOptions options, TimeSpan commandTimeout)\n   at OpenQA.Selenium.Chrome.ChromeDriver..ctor(String chromeDriverDirectory, ChromeOptions options)\n   at Todoist_BDD.src.code.factoryBrowser.Chrome.Create() in /home/runner/work/Todoist-BDD/Todoist-BDD/Todoist-BDD/src/code/factoryBrowser/Chrome.cs:line 22\n   at Todoist_BDD.src.code.session.Session..ctor() in /home/runner/work/Todoist-BDD/Todoist-BDD/Todoist-BDD/src/code/session/Session.cs:line 20\n   at Todoist_BDD.src.code.session.Session.Instance() in /home/runner/work/Todoist-BDD/Todoist-BDD/Todoist-BDD/src/code/session/Session.cs:line 27\n   at Todoist_BDD.src.code.test.specflow.BaseSteps.OpenBrowser() in /home/runner/work/Todoist-BDD/Todoist-BDD/Todoist-BDD/src/code/test/specflow/BaseSteps.cs:line 23\n   at Todoist_BDD.src.code.test.specflow.LogInStepDefinitions.GivenAValidEmailAndPassword(Table table) in /home/runner/work/Todoist-BDD/Todoist-BDD/Todoist-BDD/src/code/test/specflow/LogInStepDefinitions.cs:line 17\n   at TechTalk.SpecFlow.Bindings.BindingInvoker.InvokeBinding(IBinding binding, IContextManager contextManager, Object[] arguments, ITestTracer testTracer, TimeSpan& duration)\n   at Allure.SpecFlowPlugin.AllureBindingInvoker.InvokeBinding(IBinding binding, IContextManager contextManager, Object[] arguments, ITestTracer testTracer, TimeSpan& duration)\n   at TechTalk.SpecFlow.Infrastructure.TestExecutionEngine.ExecuteStepMatch(BindingMatch match, Object[] arguments, TimeSpan& duration)\n   at TechTalk.SpecFlow.Infrastructure.TestExecutionEngine.ExecuteStep(IContextManager contextManager, StepInstance stepInstance)","steps":[{"name":"Given  A valid email and password","time":{"start":1686068065096,"stop":1686068066238,"duration":1142},"status":"failed","steps":[],"attachments":[{"uid":"ffa36675c35a6681","name":"table","source":"ffa36675c35a6681.csv","type":"text/csv","size":51}],"parameters":[],"stepsCount":0,"attachmentsCount":1,"shouldDisplayMessage":false,"hasContent":true},{"name":"When  I try to logIn","time":{"start":1686068066240,"stop":1686068066244,"duration":4},"status":"skipped","steps":[],"attachments":[],"parameters":[],"stepsCount":0,"attachmentsCount":0,"shouldDisplayMessage":false,"hasContent":false},{"name":"Then  I expect to be successfully LogedIn","time":{"start":1686068066246,"stop":1686068066246,"duration":0},"status":"skipped","steps":[],"attachments":[],"parameters":[],"stepsCount":0,"attachmentsCount":0,"shouldDisplayMessage":false,"hasContent":false}],"attachments":[],"parameters":[],"stepsCount":3,"attachmentsCount":1,"shouldDisplayMessage":true,"hasContent":true},"afterStages":[],"labels":[{"name":"thread","value":"NonParallelWorker"},{"name":"host","value":"fv-az167-193"},{"name":"feature","value":"TodoistCRUD"},{"name":"tag","value":"functionality"},{"name":"tag","value":"logIn"},{"name":"resultFormat","value":"allure2"}],"parameters":[],"links":[],"hidden":false,"retry":false,"extra":{"severity":"normal","retries":[{"uid":"ba3d7c8d04c9db52","status":"passed","time":{"start":1686065380440,"stop":1686065398402,"duration":17962}},{"uid":"c0079977e534bc00","status":"passed","time":{"start":1686065217514,"stop":1686065235663,"duration":18149}},{"uid":"18f6196387ef1abd","status":"passed","time":{"start":1686064980512,"stop":1686064993739,"duration":13227}},{"uid":"fc3eacddbaaa65a4","status":"passed","time":{"start":1686064823197,"stop":1686064834362,"duration":11165}},{"uid":"50867aa38da1e11a","status":"passed","time":{"start":1686064661398,"stop":1686064674976,"duration":13578}},{"uid":"610feee55294adbd","status":"passed","time":{"start":1685943187495,"stop":1685943198585,"duration":11090}},{"uid":"590a1cd1ca5427ac","status":"passed","time":{"start":1685943114373,"stop":1685943128295,"duration":13922}},{"uid":"5d4f21346aa63eb4","status":"passed","time":{"start":1685943054261,"stop":1685943074507,"duration":20246}},{"uid":"73343ebca8ac05da","status":"failed","statusDetails":"disconnected: unable to send message to renderer\n  (failed to check if window was closed: disconnected: not connected to DevTools)\n  (Session info: chrome=113.0.5672.129)","time":{"start":1685943006401,"stop":1685943020427,"duration":14026}},{"uid":"c8a31bfeff71c68c","status":"passed","time":{"start":1685942705224,"stop":1685942723958,"duration":18734}}],"categories":[{"name":"Product defects","matchedStatuses":[],"flaky":false}],"tags":["functionality","logIn"]},"source":"745028acd7351508.json","parameterValues":[]}