{"uid":"7e9e7b38359ca828","name":"TC03Updating Project Name","fullName":"TC03Updating Project Name","historyId":"TC03Updating Project Name","time":{"start":1686083813674,"stop":1686083826080,"duration":12406},"status":"failed","statusMessage":"no such element: Unable to locate element: {\"method\":\"xpath\",\"selector\":\"(//ul[@id='projects_list']/li//span[text()='MojixProject'])[last()]\"}\n  (Session info: headless chrome=114.0.5735.106)","statusTrace":"OpenQA.Selenium.NoSuchElementException: no such element: Unable to locate element: {\"method\":\"xpath\",\"selector\":\"(//ul[@id='projects_list']/li//span[text()='MojixProject'])[last()]\"}\n  (Session info: headless chrome=114.0.5735.106)\n   at OpenQA.Selenium.WebDriver.UnpackAndThrowOnError(Response errorResponse, String commandToExecute)\n   at OpenQA.Selenium.WebDriver.Execute(String driverCommandToExecute, Dictionary`2 parameters)\n   at OpenQA.Selenium.WebDriver.FindElement(String mechanism, String value)\n   at OpenQA.Selenium.By.<.ctor>b__11_0(ISearchContext context)\n   at OpenQA.Selenium.By.FindElement(ISearchContext context)\n   at OpenQA.Selenium.WebDriver.FindElement(By by)\n   at Todoist_BDD.src.code.control.Control.FindControl() in /home/runner/work/Todoist-BDD/Todoist-BDD/Todoist-BDD/src/code/control/Control.cs:line 23\n   at Todoist_BDD.src.code.control.Button.HoverOnButton() in /home/runner/work/Todoist-BDD/Todoist-BDD/Todoist-BDD/src/code/control/Button.cs:line 22\n   at Todoist_BDD.src.code.page.ProjectsSection.HoverOnCreatedProject(String pjName) in /home/runner/work/Todoist-BDD/Todoist-BDD/Todoist-BDD/src/code/page/ProjectsSection.cs:line 30\n   at Todoist_BDD.src.code.test.specflow.UpdateProjectNameStepDefinitions.WhenIHoverOnProjectWithName(String projectName) in /home/runner/work/Todoist-BDD/Todoist-BDD/Todoist-BDD/src/code/test/specflow/UpdateProjectNameStepDefinitions.cs:line 22\n   at TechTalk.SpecFlow.Bindings.BindingInvoker.InvokeBinding(IBinding binding, IContextManager contextManager, Object[] arguments, ITestTracer testTracer, TimeSpan& duration)\n   at Allure.SpecFlowPlugin.AllureBindingInvoker.InvokeBinding(IBinding binding, IContextManager contextManager, Object[] arguments, ITestTracer testTracer, TimeSpan& duration)\n   at TechTalk.SpecFlow.Infrastructure.TestExecutionEngine.ExecuteStepMatch(BindingMatch match, Object[] arguments, TimeSpan& duration)\n   at TechTalk.SpecFlow.Infrastructure.TestExecutionEngine.ExecuteStep(IContextManager contextManager, StepInstance stepInstance)","flaky":false,"newFailed":false,"newBroken":false,"newPassed":false,"retriesCount":10,"retriesStatusChange":true,"beforeStages":[],"testStage":{"status":"failed","statusMessage":"no such element: Unable to locate element: {\"method\":\"xpath\",\"selector\":\"(//ul[@id='projects_list']/li//span[text()='MojixProject'])[last()]\"}\n  (Session info: headless chrome=114.0.5735.106)","statusTrace":"OpenQA.Selenium.NoSuchElementException: no such element: Unable to locate element: {\"method\":\"xpath\",\"selector\":\"(//ul[@id='projects_list']/li//span[text()='MojixProject'])[last()]\"}\n  (Session info: headless chrome=114.0.5735.106)\n   at OpenQA.Selenium.WebDriver.UnpackAndThrowOnError(Response errorResponse, String commandToExecute)\n   at OpenQA.Selenium.WebDriver.Execute(String driverCommandToExecute, Dictionary`2 parameters)\n   at OpenQA.Selenium.WebDriver.FindElement(String mechanism, String value)\n   at OpenQA.Selenium.By.<.ctor>b__11_0(ISearchContext context)\n   at OpenQA.Selenium.By.FindElement(ISearchContext context)\n   at OpenQA.Selenium.WebDriver.FindElement(By by)\n   at Todoist_BDD.src.code.control.Control.FindControl() in /home/runner/work/Todoist-BDD/Todoist-BDD/Todoist-BDD/src/code/control/Control.cs:line 23\n   at Todoist_BDD.src.code.control.Button.HoverOnButton() in /home/runner/work/Todoist-BDD/Todoist-BDD/Todoist-BDD/src/code/control/Button.cs:line 22\n   at Todoist_BDD.src.code.page.ProjectsSection.HoverOnCreatedProject(String pjName) in /home/runner/work/Todoist-BDD/Todoist-BDD/Todoist-BDD/src/code/page/ProjectsSection.cs:line 30\n   at Todoist_BDD.src.code.test.specflow.UpdateProjectNameStepDefinitions.WhenIHoverOnProjectWithName(String projectName) in /home/runner/work/Todoist-BDD/Todoist-BDD/Todoist-BDD/src/code/test/specflow/UpdateProjectNameStepDefinitions.cs:line 22\n   at TechTalk.SpecFlow.Bindings.BindingInvoker.InvokeBinding(IBinding binding, IContextManager contextManager, Object[] arguments, ITestTracer testTracer, TimeSpan& duration)\n   at Allure.SpecFlowPlugin.AllureBindingInvoker.InvokeBinding(IBinding binding, IContextManager contextManager, Object[] arguments, ITestTracer testTracer, TimeSpan& duration)\n   at TechTalk.SpecFlow.Infrastructure.TestExecutionEngine.ExecuteStepMatch(BindingMatch match, Object[] arguments, TimeSpan& duration)\n   at TechTalk.SpecFlow.Infrastructure.TestExecutionEngine.ExecuteStep(IContextManager contextManager, StepInstance stepInstance)","steps":[{"name":"Given  I am correctly logged in","time":{"start":1686083813674,"stop":1686083816053,"duration":2379},"status":"passed","steps":[],"attachments":[],"parameters":[],"stepsCount":0,"attachmentsCount":0,"shouldDisplayMessage":false,"hasContent":false},{"name":"When  I hover on project with name \"MojixProject\"","time":{"start":1686083816053,"stop":1686083826080,"duration":10027},"status":"failed","steps":[],"attachments":[],"parameters":[],"stepsCount":0,"attachmentsCount":0,"shouldDisplayMessage":false,"hasContent":false},{"name":"And  I right click on it","time":{"start":1686083826080,"stop":1686083826080,"duration":0},"status":"skipped","steps":[],"attachments":[],"parameters":[],"stepsCount":0,"attachmentsCount":0,"shouldDisplayMessage":false,"hasContent":false},{"name":"And  I click on edit project button","time":{"start":1686083826080,"stop":1686083826080,"duration":0},"status":"skipped","steps":[],"attachments":[],"parameters":[],"stepsCount":0,"attachmentsCount":0,"shouldDisplayMessage":false,"hasContent":false},{"name":"And  I change the project name to \"Mojix2023\"","time":{"start":1686083826080,"stop":1686083826080,"duration":0},"status":"skipped","steps":[],"attachments":[],"parameters":[],"stepsCount":0,"attachmentsCount":0,"shouldDisplayMessage":false,"hasContent":false},{"name":"Then  I expect the project name changed in projects list","time":{"start":1686083826080,"stop":1686083826080,"duration":0},"status":"skipped","steps":[],"attachments":[],"parameters":[],"stepsCount":0,"attachmentsCount":0,"shouldDisplayMessage":false,"hasContent":false}],"attachments":[],"parameters":[],"stepsCount":6,"attachmentsCount":0,"shouldDisplayMessage":true,"hasContent":true},"afterStages":[],"labels":[{"name":"thread","value":"NonParallelWorker"},{"name":"host","value":"fv-az244-179"},{"name":"feature","value":"TodoistCRUD"},{"name":"tag","value":"update-project-name"},{"name":"tag","value":"functionality"},{"name":"resultFormat","value":"allure2"}],"parameters":[],"links":[],"hidden":false,"retry":false,"extra":{"severity":"normal","retries":[{"uid":"479335fe45b5284d","status":"passed","time":{"start":1686080089650,"stop":1686080111848,"duration":22198}},{"uid":"78e7bec2d5459219","status":"failed","statusDetails":"no such element: Unable to locate element: {\"method\":\"xpath\",\"selector\":\"//li/a[contains(@href,'login')]\"}\n  (Session info: headless chrome=113.0.5672.129)","time":{"start":1686079571422,"stop":1686079583451,"duration":12029}},{"uid":"bad7bdafd6d6a5de","status":"passed","time":{"start":1686079340556,"stop":1686079364073,"duration":23517}},{"uid":"e62f6bf1cdf7926f","status":"passed","time":{"start":1686079166816,"stop":1686079189702,"duration":22886}},{"uid":"12fb7f595c0cf651","status":"passed","time":{"start":1686065421986,"stop":1686065444022,"duration":22036}},{"uid":"f3001fd7e263b75e","status":"passed","time":{"start":1686065267001,"stop":1686065284424,"duration":17423}},{"uid":"3336ba6c9457740d","status":"passed","time":{"start":1686065028138,"stop":1686065046577,"duration":18439}},{"uid":"fe4b742080788409","status":"passed","time":{"start":1686064866004,"stop":1686064885446,"duration":19442}},{"uid":"dd968024b9286aba","status":"passed","time":{"start":1685943228690,"stop":1685943245849,"duration":17159}},{"uid":"28e6fef91386956","status":"passed","time":{"start":1685942746360,"stop":1685942769732,"duration":23372}}],"categories":[{"name":"Product defects","matchedStatuses":[],"flaky":false}],"tags":["update-project-name","functionality"]},"source":"7e9e7b38359ca828.json","parameterValues":[]}