{"uid":"8411fa742ab65cfe","name":"TC02Project Creation","fullName":"TC02Project Creation","historyId":"TC02Project Creation","time":{"start":1686082660833,"stop":1686082678980,"duration":18147},"status":"failed","statusMessage":"element click intercepted: Element <a class=\"_2a3b75a1 _509a57b4 e5a9206f _50ba6b6b _4a93668a f6342c26\" href=\"/app/projects\">...</a> is not clickable at point (126, 244). Other element would receive the click: <div class=\"GB_overlay\" style=\"z-index: 995; opacity: 0.8; width: 100%; height: 1080px;\"></div>\n  (Session info: headless chrome=114.0.5735.106)","statusTrace":"OpenQA.Selenium.ElementClickInterceptedException: element click intercepted: Element <a class=\"_2a3b75a1 _509a57b4 e5a9206f _50ba6b6b _4a93668a f6342c26\" href=\"/app/projects\">...</a> is not clickable at point (126, 244). Other element would receive the click: <div class=\"GB_overlay\" style=\"z-index: 995; opacity: 0.8; width: 100%; height: 1080px;\"></div>\n  (Session info: headless chrome=114.0.5735.106)\n   at OpenQA.Selenium.WebDriver.UnpackAndThrowOnError(Response errorResponse, String commandToExecute)\n   at OpenQA.Selenium.WebDriver.Execute(String driverCommandToExecute, Dictionary`2 parameters)\n   at OpenQA.Selenium.WebDriver.InternalExecute(String driverCommandToExecute, Dictionary`2 parameters)\n   at OpenQA.Selenium.WebElement.Execute(String commandToExecute, Dictionary`2 parameters)\n   at OpenQA.Selenium.WebElement.Click()\n   at Todoist_BDD.src.code.control.Control.Click() in /home/runner/work/Todoist-BDD/Todoist-BDD/Todoist-BDD/src/code/control/Control.cs:line 29\n   at Todoist_BDD.src.code.test.specflow.CreateProjectStepDefinitions.WhenINavigateToProjects() in /home/runner/work/Todoist-BDD/Todoist-BDD/Todoist-BDD/src/code/test/specflow/CreateProjectStepDefinitions.cs:line 24\n   at TechTalk.SpecFlow.Bindings.BindingInvoker.InvokeBinding(IBinding binding, IContextManager contextManager, Object[] arguments, ITestTracer testTracer, TimeSpan& duration)\n   at Allure.SpecFlowPlugin.AllureBindingInvoker.InvokeBinding(IBinding binding, IContextManager contextManager, Object[] arguments, ITestTracer testTracer, TimeSpan& duration)\n   at TechTalk.SpecFlow.Infrastructure.TestExecutionEngine.ExecuteStepMatch(BindingMatch match, Object[] arguments, TimeSpan& duration)\n   at TechTalk.SpecFlow.Infrastructure.TestExecutionEngine.ExecuteStep(IContextManager contextManager, StepInstance stepInstance)","flaky":false,"newFailed":false,"newBroken":false,"newPassed":false,"retriesCount":10,"retriesStatusChange":true,"beforeStages":[],"testStage":{"status":"failed","statusMessage":"element click intercepted: Element <a class=\"_2a3b75a1 _509a57b4 e5a9206f _50ba6b6b _4a93668a f6342c26\" href=\"/app/projects\">...</a> is not clickable at point (126, 244). Other element would receive the click: <div class=\"GB_overlay\" style=\"z-index: 995; opacity: 0.8; width: 100%; height: 1080px;\"></div>\n  (Session info: headless chrome=114.0.5735.106)","statusTrace":"OpenQA.Selenium.ElementClickInterceptedException: element click intercepted: Element <a class=\"_2a3b75a1 _509a57b4 e5a9206f _50ba6b6b _4a93668a f6342c26\" href=\"/app/projects\">...</a> is not clickable at point (126, 244). Other element would receive the click: <div class=\"GB_overlay\" style=\"z-index: 995; opacity: 0.8; width: 100%; height: 1080px;\"></div>\n  (Session info: headless chrome=114.0.5735.106)\n   at OpenQA.Selenium.WebDriver.UnpackAndThrowOnError(Response errorResponse, String commandToExecute)\n   at OpenQA.Selenium.WebDriver.Execute(String driverCommandToExecute, Dictionary`2 parameters)\n   at OpenQA.Selenium.WebDriver.InternalExecute(String driverCommandToExecute, Dictionary`2 parameters)\n   at OpenQA.Selenium.WebElement.Execute(String commandToExecute, Dictionary`2 parameters)\n   at OpenQA.Selenium.WebElement.Click()\n   at Todoist_BDD.src.code.control.Control.Click() in /home/runner/work/Todoist-BDD/Todoist-BDD/Todoist-BDD/src/code/control/Control.cs:line 29\n   at Todoist_BDD.src.code.test.specflow.CreateProjectStepDefinitions.WhenINavigateToProjects() in /home/runner/work/Todoist-BDD/Todoist-BDD/Todoist-BDD/src/code/test/specflow/CreateProjectStepDefinitions.cs:line 24\n   at TechTalk.SpecFlow.Bindings.BindingInvoker.InvokeBinding(IBinding binding, IContextManager contextManager, Object[] arguments, ITestTracer testTracer, TimeSpan& duration)\n   at Allure.SpecFlowPlugin.AllureBindingInvoker.InvokeBinding(IBinding binding, IContextManager contextManager, Object[] arguments, ITestTracer testTracer, TimeSpan& duration)\n   at TechTalk.SpecFlow.Infrastructure.TestExecutionEngine.ExecuteStepMatch(BindingMatch match, Object[] arguments, TimeSpan& duration)\n   at TechTalk.SpecFlow.Infrastructure.TestExecutionEngine.ExecuteStep(IContextManager contextManager, StepInstance stepInstance)","steps":[{"name":"Given  I am correctly logged in","time":{"start":1686082660833,"stop":1686082666675,"duration":5842},"status":"passed","steps":[],"attachments":[],"parameters":[],"stepsCount":0,"attachmentsCount":0,"shouldDisplayMessage":false,"hasContent":false},{"name":"When  I navigate to Projects","time":{"start":1686082666675,"stop":1686082678971,"duration":12296},"status":"failed","steps":[],"attachments":[],"parameters":[],"stepsCount":0,"attachmentsCount":0,"shouldDisplayMessage":false,"hasContent":false},{"name":"And  I try to add a new project with name \"MojixProject\"","time":{"start":1686082678973,"stop":1686082678974,"duration":1},"status":"skipped","steps":[],"attachments":[],"parameters":[],"stepsCount":0,"attachmentsCount":0,"shouldDisplayMessage":false,"hasContent":false},{"name":"Then  I expect the Add button to be enabled","time":{"start":1686082678976,"stop":1686082678976,"duration":0},"status":"skipped","steps":[],"attachments":[],"parameters":[],"stepsCount":0,"attachmentsCount":0,"shouldDisplayMessage":false,"hasContent":false},{"name":"When  I click on Add button","time":{"start":1686082678976,"stop":1686082678976,"duration":0},"status":"skipped","steps":[],"attachments":[],"parameters":[],"stepsCount":0,"attachmentsCount":0,"shouldDisplayMessage":false,"hasContent":false},{"name":"Then  I expect project to be displayed","time":{"start":1686082678976,"stop":1686082678976,"duration":0},"status":"skipped","steps":[],"attachments":[],"parameters":[],"stepsCount":0,"attachmentsCount":0,"shouldDisplayMessage":false,"hasContent":false}],"attachments":[],"parameters":[],"stepsCount":6,"attachmentsCount":0,"shouldDisplayMessage":true,"hasContent":true},"afterStages":[],"labels":[{"name":"thread","value":"NonParallelWorker"},{"name":"host","value":"fv-az364-608"},{"name":"feature","value":"TodoistCRUD"},{"name":"tag","value":"project-creation"},{"name":"tag","value":"functionality"},{"name":"resultFormat","value":"allure2"}],"parameters":[],"links":[],"hidden":false,"retry":false,"extra":{"severity":"normal","retries":[{"uid":"1fb1ef970c8cb039","status":"passed","time":{"start":1686080068686,"stop":1686080089649,"duration":20963}},{"uid":"d1387f2743961e8a","status":"failed","statusDetails":"no such element: Unable to locate element: {\"method\":\"xpath\",\"selector\":\"//div[@id='left_menu_inner']//a[contains(@href,'projects')]\"}\n  (Session info: headless chrome=113.0.5672.129)","time":{"start":1686079553363,"stop":1686079571422,"duration":18059}},{"uid":"7435f1836d63612e","status":"passed","time":{"start":1686079316424,"stop":1686079340556,"duration":24132}},{"uid":"23a30996e0ab7aa6","status":"passed","time":{"start":1686079136073,"stop":1686079166816,"duration":30743}},{"uid":"a24eeff85d488cac","status":"passed","time":{"start":1686065398406,"stop":1686065421986,"duration":23580}},{"uid":"4e8c20659d0321cb","status":"passed","time":{"start":1686065242502,"stop":1686065258867,"duration":16365}},{"uid":"ceaec86c6376ef8e","status":"passed","time":{"start":1686065004403,"stop":1686065022199,"duration":17796}},{"uid":"2af5c16eb5eacf46","status":"passed","time":{"start":1686064840730,"stop":1686064858856,"duration":18126}},{"uid":"ce2812d87f6d32e8","status":"passed","time":{"start":1685943205121,"stop":1685943222244,"duration":17123}},{"uid":"5fddb4330cbd4b72","status":"passed","time":{"start":1685942723962,"stop":1685942746360,"duration":22398}}],"categories":[{"name":"Product defects","matchedStatuses":[],"flaky":false}],"tags":["project-creation","functionality"]},"source":"8411fa742ab65cfe.json","parameterValues":[]}