{"uid":"85c0a753671a8624","name":"TC03Updating Project Name","fullName":"TC03Updating Project Name","historyId":"TC03Updating Project Name","time":{"start":1686078884051,"stop":1686078916866,"duration":32815},"status":"failed","statusMessage":"no such element: Unable to locate element: {\"method\":\"xpath\",\"selector\":\"//li/a[contains(@href,'login')]\"}\n  (Session info: headless chrome=114.0.5735.106)","statusTrace":"OpenQA.Selenium.NoSuchElementException: no such element: Unable to locate element: {\"method\":\"xpath\",\"selector\":\"//li/a[contains(@href,'login')]\"}\n  (Session info: headless chrome=114.0.5735.106)\n   at OpenQA.Selenium.WebDriver.UnpackAndThrowOnError(Response errorResponse, String commandToExecute)\n   at OpenQA.Selenium.WebDriver.Execute(String driverCommandToExecute, Dictionary`2 parameters)\n   at OpenQA.Selenium.WebDriver.FindElement(String mechanism, String value)\n   at OpenQA.Selenium.By.<.ctor>b__11_0(ISearchContext context)\n   at OpenQA.Selenium.By.FindElement(ISearchContext context)\n   at OpenQA.Selenium.WebDriver.FindElement(By by)\n   at Todoist_BDD.src.code.control.Control.FindControl() in /home/runner/work/Todoist-BDD/Todoist-BDD/Todoist-BDD/src/code/control/Control.cs:line 23\n   at Todoist_BDD.src.code.control.Control.Click() in /home/runner/work/Todoist-BDD/Todoist-BDD/Todoist-BDD/src/code/control/Control.cs:line 28\n   at Todoist_BDD.src.code.test.specflow.BaseSteps.LogIn(String email, String password) in /home/runner/work/Todoist-BDD/Todoist-BDD/Todoist-BDD/src/code/test/specflow/BaseSteps.cs:line 17\n   at Todoist_BDD.src.code.test.specflow.UpdateProjectNameStepDefinitions.GivenIAmCorrectlyLoggedIn() in /home/runner/work/Todoist-BDD/Todoist-BDD/Todoist-BDD/src/code/test/specflow/UpdateProjectNameStepDefinitions.cs:line 16\n   at TechTalk.SpecFlow.Bindings.BindingInvoker.InvokeBinding(IBinding binding, IContextManager contextManager, Object[] arguments, ITestTracer testTracer, TimeSpan& duration)\n   at Allure.SpecFlowPlugin.AllureBindingInvoker.InvokeBinding(IBinding binding, IContextManager contextManager, Object[] arguments, ITestTracer testTracer, TimeSpan& duration)\n   at TechTalk.SpecFlow.Infrastructure.TestExecutionEngine.ExecuteStepMatch(BindingMatch match, Object[] arguments, TimeSpan& duration)\n   at TechTalk.SpecFlow.Infrastructure.TestExecutionEngine.ExecuteStep(IContextManager contextManager, StepInstance stepInstance)","flaky":false,"newFailed":false,"newBroken":false,"newPassed":false,"retriesCount":6,"retriesStatusChange":true,"beforeStages":[],"testStage":{"status":"failed","statusMessage":"no such element: Unable to locate element: {\"method\":\"xpath\",\"selector\":\"//li/a[contains(@href,'login')]\"}\n  (Session info: headless chrome=114.0.5735.106)","statusTrace":"OpenQA.Selenium.NoSuchElementException: no such element: Unable to locate element: {\"method\":\"xpath\",\"selector\":\"//li/a[contains(@href,'login')]\"}\n  (Session info: headless chrome=114.0.5735.106)\n   at OpenQA.Selenium.WebDriver.UnpackAndThrowOnError(Response errorResponse, String commandToExecute)\n   at OpenQA.Selenium.WebDriver.Execute(String driverCommandToExecute, Dictionary`2 parameters)\n   at OpenQA.Selenium.WebDriver.FindElement(String mechanism, String value)\n   at OpenQA.Selenium.By.<.ctor>b__11_0(ISearchContext context)\n   at OpenQA.Selenium.By.FindElement(ISearchContext context)\n   at OpenQA.Selenium.WebDriver.FindElement(By by)\n   at Todoist_BDD.src.code.control.Control.FindControl() in /home/runner/work/Todoist-BDD/Todoist-BDD/Todoist-BDD/src/code/control/Control.cs:line 23\n   at Todoist_BDD.src.code.control.Control.Click() in /home/runner/work/Todoist-BDD/Todoist-BDD/Todoist-BDD/src/code/control/Control.cs:line 28\n   at Todoist_BDD.src.code.test.specflow.BaseSteps.LogIn(String email, String password) in /home/runner/work/Todoist-BDD/Todoist-BDD/Todoist-BDD/src/code/test/specflow/BaseSteps.cs:line 17\n   at Todoist_BDD.src.code.test.specflow.UpdateProjectNameStepDefinitions.GivenIAmCorrectlyLoggedIn() in /home/runner/work/Todoist-BDD/Todoist-BDD/Todoist-BDD/src/code/test/specflow/UpdateProjectNameStepDefinitions.cs:line 16\n   at TechTalk.SpecFlow.Bindings.BindingInvoker.InvokeBinding(IBinding binding, IContextManager contextManager, Object[] arguments, ITestTracer testTracer, TimeSpan& duration)\n   at Allure.SpecFlowPlugin.AllureBindingInvoker.InvokeBinding(IBinding binding, IContextManager contextManager, Object[] arguments, ITestTracer testTracer, TimeSpan& duration)\n   at TechTalk.SpecFlow.Infrastructure.TestExecutionEngine.ExecuteStepMatch(BindingMatch match, Object[] arguments, TimeSpan& duration)\n   at TechTalk.SpecFlow.Infrastructure.TestExecutionEngine.ExecuteStep(IContextManager contextManager, StepInstance stepInstance)","steps":[{"name":"Given  I am correctly logged in","time":{"start":1686078884051,"stop":1686078916865,"duration":32814},"status":"failed","steps":[],"attachments":[],"parameters":[],"stepsCount":0,"attachmentsCount":0,"shouldDisplayMessage":false,"hasContent":false},{"name":"When  I hover on project with name \"MojixProject\"","time":{"start":1686078916865,"stop":1686078916865,"duration":0},"status":"skipped","steps":[],"attachments":[],"parameters":[],"stepsCount":0,"attachmentsCount":0,"shouldDisplayMessage":false,"hasContent":false},{"name":"And  I right click on it","time":{"start":1686078916865,"stop":1686078916866,"duration":1},"status":"skipped","steps":[],"attachments":[],"parameters":[],"stepsCount":0,"attachmentsCount":0,"shouldDisplayMessage":false,"hasContent":false},{"name":"And  I click on edit project button","time":{"start":1686078916866,"stop":1686078916866,"duration":0},"status":"skipped","steps":[],"attachments":[],"parameters":[],"stepsCount":0,"attachmentsCount":0,"shouldDisplayMessage":false,"hasContent":false},{"name":"And  I change the project name to \"Mojix2023\"","time":{"start":1686078916866,"stop":1686078916866,"duration":0},"status":"skipped","steps":[],"attachments":[],"parameters":[],"stepsCount":0,"attachmentsCount":0,"shouldDisplayMessage":false,"hasContent":false},{"name":"Then  I expect the project name changed in projects list","time":{"start":1686078916866,"stop":1686078916866,"duration":0},"status":"skipped","steps":[],"attachments":[],"parameters":[],"stepsCount":0,"attachmentsCount":0,"shouldDisplayMessage":false,"hasContent":false}],"attachments":[],"parameters":[],"stepsCount":6,"attachmentsCount":0,"shouldDisplayMessage":true,"hasContent":true},"afterStages":[],"labels":[{"name":"thread","value":"NonParallelWorker"},{"name":"host","value":"fv-az447-632"},{"name":"feature","value":"TodoistCRUD"},{"name":"tag","value":"update-project-name"},{"name":"tag","value":"functionality"},{"name":"resultFormat","value":"allure2"}],"parameters":[],"links":[],"hidden":false,"retry":false,"extra":{"severity":"normal","retries":[{"uid":"9b0bbc13afca7aa","status":"passed","time":{"start":1686065421986,"stop":1686065444022,"duration":22036}},{"uid":"4ccf1c88056002a5","status":"passed","time":{"start":1686065267001,"stop":1686065284424,"duration":17423}},{"uid":"8dce9072d4f4b52d","status":"passed","time":{"start":1686065028138,"stop":1686065046577,"duration":18439}},{"uid":"cf9cfce592598b7b","status":"passed","time":{"start":1686064866004,"stop":1686064885446,"duration":19442}},{"uid":"ac208c53517549d9","status":"passed","time":{"start":1685943228690,"stop":1685943245849,"duration":17159}},{"uid":"eeeca56184856342","status":"passed","time":{"start":1685942746360,"stop":1685942769732,"duration":23372}}],"categories":[{"name":"Product defects","matchedStatuses":[],"flaky":false}],"tags":["update-project-name","functionality"]},"source":"85c0a753671a8624.json","parameterValues":[]}