{"uid":"8b8bd8cef4c43a21","name":"TC02Project Creation","fullName":"TC02Project Creation","historyId":"TC02Project Creation","time":{"start":1686080321831,"stop":1686080321835,"duration":4},"status":"failed","statusMessage":"Unable to locate driver with path: /home/runner/work/Todoist-BDD/Todoist-BDD/Todoist-BDD/chromedriver, for more information on how to install drivers see https://www.selenium.dev/documentation/webdriver/getting_started/install_drivers/ -> No process is associated with this object.","statusTrace":"OpenQA.Selenium.WebDriverException: Unable to locate driver with path: /home/runner/work/Todoist-BDD/Todoist-BDD/Todoist-BDD/chromedriver, for more information on how to install drivers see https://www.selenium.dev/documentation/webdriver/getting_started/install_drivers/\n ---> System.InvalidOperationException: No process is associated with this object.\n   at System.Diagnostics.Process.EnsureState(State state)\n   at System.Diagnostics.Process.get_HasExited()\n   at System.Diagnostics.Process.EnsureState(State state)\n   at System.Diagnostics.Process.get_ExitCode()\n   at OpenQA.Selenium.SeleniumManager.RunCommand(String fileName, String arguments)\n   at OpenQA.Selenium.SeleniumManager.DriverPath(DriverOptions options)\n   at OpenQA.Selenium.DriverFinder.VerifyDriverServicePath(DriverService service, DriverOptions options)\n   --- End of inner exception stack trace ---\n   at OpenQA.Selenium.DriverFinder.VerifyDriverServicePath(DriverService service, DriverOptions options)\n   at OpenQA.Selenium.Chromium.ChromiumDriver..ctor(ChromiumDriverService service, ChromiumOptions options, TimeSpan commandTimeout)\n   at OpenQA.Selenium.Chrome.ChromeDriver..ctor(ChromeDriverService service, ChromeOptions options, TimeSpan commandTimeout)\n   at OpenQA.Selenium.Chrome.ChromeDriver..ctor(String chromeDriverDirectory, ChromeOptions options, TimeSpan commandTimeout)\n   at OpenQA.Selenium.Chrome.ChromeDriver..ctor(String chromeDriverDirectory, ChromeOptions options)\n   at Todoist_BDD.src.code.factoryBrowser.Chrome.Create() in /home/runner/work/Todoist-BDD/Todoist-BDD/Todoist-BDD/src/code/factoryBrowser/Chrome.cs:line 27\n   at Todoist_BDD.src.code.session.Session..ctor() in /home/runner/work/Todoist-BDD/Todoist-BDD/Todoist-BDD/src/code/session/Session.cs:line 20\n   at Todoist_BDD.src.code.session.Session.Instance() in /home/runner/work/Todoist-BDD/Todoist-BDD/Todoist-BDD/src/code/session/Session.cs:line 27\n   at Todoist_BDD.src.code.test.specflow.BaseSteps.OpenBrowser() in /home/runner/work/Todoist-BDD/Todoist-BDD/Todoist-BDD/src/code/test/specflow/BaseSteps.cs:line 23\n   at Todoist_BDD.src.code.test.specflow.CreateProjectStepDefinitions.GivenIAmCorrectlyLoggedIn() in /home/runner/work/Todoist-BDD/Todoist-BDD/Todoist-BDD/src/code/test/specflow/CreateProjectStepDefinitions.cs:line 13\n   at TechTalk.SpecFlow.Bindings.BindingInvoker.InvokeBinding(IBinding binding, IContextManager contextManager, Object[] arguments, ITestTracer testTracer, TimeSpan& duration)\n   at Allure.SpecFlowPlugin.AllureBindingInvoker.InvokeBinding(IBinding binding, IContextManager contextManager, Object[] arguments, ITestTracer testTracer, TimeSpan& duration)\n   at TechTalk.SpecFlow.Infrastructure.TestExecutionEngine.ExecuteStepMatch(BindingMatch match, Object[] arguments, TimeSpan& duration)\n   at TechTalk.SpecFlow.Infrastructure.TestExecutionEngine.ExecuteStep(IContextManager contextManager, StepInstance stepInstance)","flaky":false,"newFailed":false,"newBroken":false,"newPassed":false,"retriesCount":10,"retriesStatusChange":true,"beforeStages":[],"testStage":{"status":"failed","statusMessage":"Unable to locate driver with path: /home/runner/work/Todoist-BDD/Todoist-BDD/Todoist-BDD/chromedriver, for more information on how to install drivers see https://www.selenium.dev/documentation/webdriver/getting_started/install_drivers/ -> No process is associated with this object.","statusTrace":"OpenQA.Selenium.WebDriverException: Unable to locate driver with path: /home/runner/work/Todoist-BDD/Todoist-BDD/Todoist-BDD/chromedriver, for more information on how to install drivers see https://www.selenium.dev/documentation/webdriver/getting_started/install_drivers/\n ---> System.InvalidOperationException: No process is associated with this object.\n   at System.Diagnostics.Process.EnsureState(State state)\n   at System.Diagnostics.Process.get_HasExited()\n   at System.Diagnostics.Process.EnsureState(State state)\n   at System.Diagnostics.Process.get_ExitCode()\n   at OpenQA.Selenium.SeleniumManager.RunCommand(String fileName, String arguments)\n   at OpenQA.Selenium.SeleniumManager.DriverPath(DriverOptions options)\n   at OpenQA.Selenium.DriverFinder.VerifyDriverServicePath(DriverService service, DriverOptions options)\n   --- End of inner exception stack trace ---\n   at OpenQA.Selenium.DriverFinder.VerifyDriverServicePath(DriverService service, DriverOptions options)\n   at OpenQA.Selenium.Chromium.ChromiumDriver..ctor(ChromiumDriverService service, ChromiumOptions options, TimeSpan commandTimeout)\n   at OpenQA.Selenium.Chrome.ChromeDriver..ctor(ChromeDriverService service, ChromeOptions options, TimeSpan commandTimeout)\n   at OpenQA.Selenium.Chrome.ChromeDriver..ctor(String chromeDriverDirectory, ChromeOptions options, TimeSpan commandTimeout)\n   at OpenQA.Selenium.Chrome.ChromeDriver..ctor(String chromeDriverDirectory, ChromeOptions options)\n   at Todoist_BDD.src.code.factoryBrowser.Chrome.Create() in /home/runner/work/Todoist-BDD/Todoist-BDD/Todoist-BDD/src/code/factoryBrowser/Chrome.cs:line 27\n   at Todoist_BDD.src.code.session.Session..ctor() in /home/runner/work/Todoist-BDD/Todoist-BDD/Todoist-BDD/src/code/session/Session.cs:line 20\n   at Todoist_BDD.src.code.session.Session.Instance() in /home/runner/work/Todoist-BDD/Todoist-BDD/Todoist-BDD/src/code/session/Session.cs:line 27\n   at Todoist_BDD.src.code.test.specflow.BaseSteps.OpenBrowser() in /home/runner/work/Todoist-BDD/Todoist-BDD/Todoist-BDD/src/code/test/specflow/BaseSteps.cs:line 23\n   at Todoist_BDD.src.code.test.specflow.CreateProjectStepDefinitions.GivenIAmCorrectlyLoggedIn() in /home/runner/work/Todoist-BDD/Todoist-BDD/Todoist-BDD/src/code/test/specflow/CreateProjectStepDefinitions.cs:line 13\n   at TechTalk.SpecFlow.Bindings.BindingInvoker.InvokeBinding(IBinding binding, IContextManager contextManager, Object[] arguments, ITestTracer testTracer, TimeSpan& duration)\n   at Allure.SpecFlowPlugin.AllureBindingInvoker.InvokeBinding(IBinding binding, IContextManager contextManager, Object[] arguments, ITestTracer testTracer, TimeSpan& duration)\n   at TechTalk.SpecFlow.Infrastructure.TestExecutionEngine.ExecuteStepMatch(BindingMatch match, Object[] arguments, TimeSpan& duration)\n   at TechTalk.SpecFlow.Infrastructure.TestExecutionEngine.ExecuteStep(IContextManager contextManager, StepInstance stepInstance)","steps":[{"name":"Given  I am correctly logged in","time":{"start":1686080321831,"stop":1686080321833,"duration":2},"status":"failed","steps":[],"attachments":[],"parameters":[],"stepsCount":0,"attachmentsCount":0,"shouldDisplayMessage":false,"hasContent":false},{"name":"When  I navigate to Projects","time":{"start":1686080321834,"stop":1686080321834,"duration":0},"status":"skipped","steps":[],"attachments":[],"parameters":[],"stepsCount":0,"attachmentsCount":0,"shouldDisplayMessage":false,"hasContent":false},{"name":"And  I try to add a new project with name \"MojixProject\"","time":{"start":1686080321834,"stop":1686080321834,"duration":0},"status":"skipped","steps":[],"attachments":[],"parameters":[],"stepsCount":0,"attachmentsCount":0,"shouldDisplayMessage":false,"hasContent":false},{"name":"Then  I expect the Add button to be enabled","time":{"start":1686080321834,"stop":1686080321834,"duration":0},"status":"skipped","steps":[],"attachments":[],"parameters":[],"stepsCount":0,"attachmentsCount":0,"shouldDisplayMessage":false,"hasContent":false},{"name":"When  I click on Add button","time":{"start":1686080321834,"stop":1686080321834,"duration":0},"status":"skipped","steps":[],"attachments":[],"parameters":[],"stepsCount":0,"attachmentsCount":0,"shouldDisplayMessage":false,"hasContent":false},{"name":"Then  I expect project to be displayed","time":{"start":1686080321834,"stop":1686080321834,"duration":0},"status":"skipped","steps":[],"attachments":[],"parameters":[],"stepsCount":0,"attachmentsCount":0,"shouldDisplayMessage":false,"hasContent":false}],"attachments":[],"parameters":[],"stepsCount":6,"attachmentsCount":0,"shouldDisplayMessage":true,"hasContent":true},"afterStages":[],"labels":[{"name":"thread","value":"NonParallelWorker"},{"name":"host","value":"fv-az589-393"},{"name":"feature","value":"TodoistCRUD"},{"name":"tag","value":"project-creation"},{"name":"tag","value":"functionality"},{"name":"resultFormat","value":"allure2"}],"parameters":[],"links":[],"hidden":false,"retry":false,"extra":{"severity":"normal","retries":[{"uid":"32732a913afae10d","status":"passed","time":{"start":1686080068686,"stop":1686080089649,"duration":20963}},{"uid":"c4c593635e466820","status":"failed","statusDetails":"no such element: Unable to locate element: {\"method\":\"xpath\",\"selector\":\"//div[@id='left_menu_inner']//a[contains(@href,'projects')]\"}\n  (Session info: headless chrome=113.0.5672.129)","time":{"start":1686079553363,"stop":1686079571422,"duration":18059}},{"uid":"a00b9383dc02d2b5","status":"passed","time":{"start":1686079316424,"stop":1686079340556,"duration":24132}},{"uid":"2d7f1056add6ec8e","status":"passed","time":{"start":1686079136073,"stop":1686079166816,"duration":30743}},{"uid":"fffc8f020c5dd590","status":"passed","time":{"start":1686065398406,"stop":1686065421986,"duration":23580}},{"uid":"f6959500e54dc794","status":"passed","time":{"start":1686065242502,"stop":1686065258867,"duration":16365}},{"uid":"99b3031c235af509","status":"passed","time":{"start":1686065004403,"stop":1686065022199,"duration":17796}},{"uid":"5b607c8950fbaf37","status":"passed","time":{"start":1686064840730,"stop":1686064858856,"duration":18126}},{"uid":"f16f3af1597be34b","status":"passed","time":{"start":1685943205121,"stop":1685943222244,"duration":17123}},{"uid":"b9f1678c01e2b8c2","status":"passed","time":{"start":1685942723962,"stop":1685942746360,"duration":22398}}],"categories":[{"name":"Product defects","matchedStatuses":[],"flaky":false}],"tags":["project-creation","functionality"]},"source":"8b8bd8cef4c43a21.json","parameterValues":[]}