{"uid":"8ec97d7afcb70a1e","name":"TC01LogIn","fullName":"TC01LogIn","historyId":"TC01LogIn","time":{"start":1686063923280,"stop":1686063923321,"duration":41},"status":"broken","statusMessage":"Unable to locate driver with path: /home/runner/work/Todoist-BDD/Todoist-BDD/chromedriver/chromedriver/chromedriver, for more information on how to install drivers see https://www.selenium.dev/documentation/webdriver/getting_started/install_drivers/ -> No process is associated with this object.","statusTrace":"OpenQA.Selenium.WebDriverException: Unable to locate driver with path: /home/runner/work/Todoist-BDD/Todoist-BDD/chromedriver/chromedriver/chromedriver, for more information on how to install drivers see https://www.selenium.dev/documentation/webdriver/getting_started/install_drivers/\n ---> System.InvalidOperationException: No process is associated with this object.\n   at System.Diagnostics.Process.EnsureState(State state)\n   at System.Diagnostics.Process.get_HasExited()\n   at System.Diagnostics.Process.EnsureState(State state)\n   at System.Diagnostics.Process.get_ExitCode()\n   at OpenQA.Selenium.SeleniumManager.RunCommand(String fileName, String arguments)\n   at OpenQA.Selenium.SeleniumManager.DriverPath(DriverOptions options)\n   at OpenQA.Selenium.DriverFinder.VerifyDriverServicePath(DriverService service, DriverOptions options)\n   --- End of inner exception stack trace ---\n   at OpenQA.Selenium.DriverFinder.VerifyDriverServicePath(DriverService service, DriverOptions options)\n   at OpenQA.Selenium.Chromium.ChromiumDriver..ctor(ChromiumDriverService service, ChromiumOptions options, TimeSpan commandTimeout)\n   at OpenQA.Selenium.Chrome.ChromeDriver..ctor(ChromeDriverService service, ChromeOptions options, TimeSpan commandTimeout)\n   at OpenQA.Selenium.Chrome.ChromeDriver..ctor(String chromeDriverDirectory, ChromeOptions options, TimeSpan commandTimeout)\n   at OpenQA.Selenium.Chrome.ChromeDriver..ctor(String chromeDriverDirectory, ChromeOptions options)\n   at Todoist_BDD.src.code.factoryBrowser.Chrome.Create() in /home/runner/work/Todoist-BDD/Todoist-BDD/Todoist-BDD/src/code/factoryBrowser/Chrome.cs:line 21\n   at Todoist_BDD.src.code.session.Session..ctor() in /home/runner/work/Todoist-BDD/Todoist-BDD/Todoist-BDD/src/code/session/Session.cs:line 20\n   at Todoist_BDD.src.code.session.Session.Instance() in /home/runner/work/Todoist-BDD/Todoist-BDD/Todoist-BDD/src/code/session/Session.cs:line 27\n   at Todoist_BDD.src.code.test.specflow.BaseSteps.CloseBrowser() in /home/runner/work/Todoist-BDD/Todoist-BDD/Todoist-BDD/src/code/test/specflow/BaseSteps.cs:line 30\n   at TechTalk.SpecFlow.Bindings.BindingInvoker.InvokeBinding(IBinding binding, IContextManager contextManager, Object[] arguments, ITestTracer testTracer, TimeSpan& duration)\n   at Allure.SpecFlowPlugin.AllureBindingInvoker.InvokeBinding(IBinding binding, IContextManager contextManager, Object[] arguments, ITestTracer testTracer, TimeSpan& duration)","flaky":false,"newFailed":false,"newBroken":false,"newPassed":false,"retriesCount":5,"retriesStatusChange":true,"beforeStages":[{"name":"OpenBrowser [10000]","time":{"start":1686063923187,"stop":1686063923274,"duration":87},"status":"broken","steps":[],"attachments":[],"parameters":[],"stepsCount":0,"attachmentsCount":0,"shouldDisplayMessage":false,"hasContent":false}],"testStage":{"status":"broken","statusMessage":"Unable to locate driver with path: /home/runner/work/Todoist-BDD/Todoist-BDD/chromedriver/chromedriver/chromedriver, for more information on how to install drivers see https://www.selenium.dev/documentation/webdriver/getting_started/install_drivers/ -> No process is associated with this object.","statusTrace":"OpenQA.Selenium.WebDriverException: Unable to locate driver with path: /home/runner/work/Todoist-BDD/Todoist-BDD/chromedriver/chromedriver/chromedriver, for more information on how to install drivers see https://www.selenium.dev/documentation/webdriver/getting_started/install_drivers/\n ---> System.InvalidOperationException: No process is associated with this object.\n   at System.Diagnostics.Process.EnsureState(State state)\n   at System.Diagnostics.Process.get_HasExited()\n   at System.Diagnostics.Process.EnsureState(State state)\n   at System.Diagnostics.Process.get_ExitCode()\n   at OpenQA.Selenium.SeleniumManager.RunCommand(String fileName, String arguments)\n   at OpenQA.Selenium.SeleniumManager.DriverPath(DriverOptions options)\n   at OpenQA.Selenium.DriverFinder.VerifyDriverServicePath(DriverService service, DriverOptions options)\n   --- End of inner exception stack trace ---\n   at OpenQA.Selenium.DriverFinder.VerifyDriverServicePath(DriverService service, DriverOptions options)\n   at OpenQA.Selenium.Chromium.ChromiumDriver..ctor(ChromiumDriverService service, ChromiumOptions options, TimeSpan commandTimeout)\n   at OpenQA.Selenium.Chrome.ChromeDriver..ctor(ChromeDriverService service, ChromeOptions options, TimeSpan commandTimeout)\n   at OpenQA.Selenium.Chrome.ChromeDriver..ctor(String chromeDriverDirectory, ChromeOptions options, TimeSpan commandTimeout)\n   at OpenQA.Selenium.Chrome.ChromeDriver..ctor(String chromeDriverDirectory, ChromeOptions options)\n   at Todoist_BDD.src.code.factoryBrowser.Chrome.Create() in /home/runner/work/Todoist-BDD/Todoist-BDD/Todoist-BDD/src/code/factoryBrowser/Chrome.cs:line 21\n   at Todoist_BDD.src.code.session.Session..ctor() in /home/runner/work/Todoist-BDD/Todoist-BDD/Todoist-BDD/src/code/session/Session.cs:line 20\n   at Todoist_BDD.src.code.session.Session.Instance() in /home/runner/work/Todoist-BDD/Todoist-BDD/Todoist-BDD/src/code/session/Session.cs:line 27\n   at Todoist_BDD.src.code.test.specflow.BaseSteps.CloseBrowser() in /home/runner/work/Todoist-BDD/Todoist-BDD/Todoist-BDD/src/code/test/specflow/BaseSteps.cs:line 30\n   at TechTalk.SpecFlow.Bindings.BindingInvoker.InvokeBinding(IBinding binding, IContextManager contextManager, Object[] arguments, ITestTracer testTracer, TimeSpan& duration)\n   at Allure.SpecFlowPlugin.AllureBindingInvoker.InvokeBinding(IBinding binding, IContextManager contextManager, Object[] arguments, ITestTracer testTracer, TimeSpan& duration)","steps":[{"name":"Given  A valid email and password","time":{"start":1686063923292,"stop":1686063923313,"duration":21},"status":"skipped","steps":[],"attachments":[{"uid":"80e2325b495b4997","name":"table","source":"80e2325b495b4997.csv","type":"text/csv","size":51}],"parameters":[],"stepsCount":0,"attachmentsCount":1,"shouldDisplayMessage":false,"hasContent":true},{"name":"When  I try to logIn","time":{"start":1686063923315,"stop":1686063923315,"duration":0},"status":"skipped","steps":[],"attachments":[],"parameters":[],"stepsCount":0,"attachmentsCount":0,"shouldDisplayMessage":false,"hasContent":false},{"name":"Then  I expect to be successfully LogedIn","time":{"start":1686063923316,"stop":1686063923316,"duration":0},"status":"skipped","steps":[],"attachments":[],"parameters":[],"stepsCount":0,"attachmentsCount":0,"shouldDisplayMessage":false,"hasContent":false}],"attachments":[],"parameters":[],"stepsCount":3,"attachmentsCount":1,"shouldDisplayMessage":true,"hasContent":true},"afterStages":[{"name":"CloseBrowser [10000]","time":{"start":1686063923321,"stop":1686063923323,"duration":2},"status":"broken","steps":[],"attachments":[],"parameters":[],"stepsCount":0,"attachmentsCount":0,"shouldDisplayMessage":false,"hasContent":false}],"labels":[{"name":"thread","value":"NonParallelWorker"},{"name":"host","value":"fv-az339-18"},{"name":"feature","value":"TodoistCRUD"},{"name":"tag","value":"functionality"},{"name":"tag","value":"logIn"},{"name":"resultFormat","value":"allure2"}],"parameters":[],"links":[],"hidden":false,"retry":false,"extra":{"severity":"normal","retries":[{"uid":"928d5947aa5c317","status":"passed","time":{"start":1685943187495,"stop":1685943198585,"duration":11090}},{"uid":"2c432f818201a535","status":"passed","time":{"start":1685943114373,"stop":1685943128295,"duration":13922}},{"uid":"eae52421baf80ed4","status":"passed","time":{"start":1685943054261,"stop":1685943074507,"duration":20246}},{"uid":"394758dfec7ade1e","status":"failed","statusDetails":"disconnected: unable to send message to renderer\n  (failed to check if window was closed: disconnected: not connected to DevTools)\n  (Session info: chrome=113.0.5672.129)","time":{"start":1685943006401,"stop":1685943020427,"duration":14026}},{"uid":"b8a3dd7d677d7906","status":"passed","time":{"start":1685942705224,"stop":1685942723958,"duration":18734}}],"categories":[{"name":"Test defects","matchedStatuses":[],"flaky":false}],"tags":["functionality","logIn"]},"source":"8ec97d7afcb70a1e.json","parameterValues":[]}