{"uid":"b12634b735d2edca","name":"TC04Delete Project","fullName":"TC04Delete Project","historyId":"TC04Delete Project","time":{"start":1686064895953,"stop":1686064918794,"duration":22841},"status":"failed","statusMessage":"no such element: Unable to locate element: {\"method\":\"xpath\",\"selector\":\"(//ul[@id='projects_list']/li//span[text()='Mojix2023'])[last()]\"}\n  (Session info: chrome=113.0.5672.129)","statusTrace":"OpenQA.Selenium.NoSuchElementException: no such element: Unable to locate element: {\"method\":\"xpath\",\"selector\":\"(//ul[@id='projects_list']/li//span[text()='Mojix2023'])[last()]\"}\n  (Session info: chrome=113.0.5672.129)\r\n   at OpenQA.Selenium.WebDriver.UnpackAndThrowOnError(Response errorResponse, String commandToExecute)\r\n   at OpenQA.Selenium.WebDriver.Execute(String driverCommandToExecute, Dictionary`2 parameters)\r\n   at OpenQA.Selenium.WebDriver.FindElement(String mechanism, String value)\r\n   at OpenQA.Selenium.By.<.ctor>b__11_0(ISearchContext context)\r\n   at OpenQA.Selenium.By.FindElement(ISearchContext context)\r\n   at OpenQA.Selenium.WebDriver.FindElement(By by)\r\n   at Todoist_BDD.src.code.control.Control.FindControl() in D:\\QABootcamp\\Todoist-BDD\\Todoist-BDD\\src\\code\\control\\Control.cs:line 23\r\n   at Todoist_BDD.src.code.control.Button.HoverOnButton() in D:\\QABootcamp\\Todoist-BDD\\Todoist-BDD\\src\\code\\control\\Button.cs:line 29\r\n   at Todoist_BDD.src.code.page.ProjectsSection.HoverOnCreatedProject(String pjName) in D:\\QABootcamp\\Todoist-BDD\\Todoist-BDD\\src\\code\\page\\ProjectsSection.cs:line 29\r\n   at Todoist_BDD.src.code.test.specflow.ZDeleteProjectStepDefinitions.WhenIHoverOnProjectWithName(String projectName) in D:\\QABootcamp\\Todoist-BDD\\Todoist-BDD\\src\\code\\test\\specflow\\DeleteProjectStepDefinitions.cs:line 23\r\n   at TechTalk.SpecFlow.Bindings.BindingInvoker.InvokeBinding(IBinding binding, IContextManager contextManager, Object[] arguments, ITestTracer testTracer, TimeSpan& duration)\r\n   at Allure.SpecFlowPlugin.AllureBindingInvoker.InvokeBinding(IBinding binding, IContextManager contextManager, Object[] arguments, ITestTracer testTracer, TimeSpan& duration)\r\n   at TechTalk.SpecFlow.Infrastructure.TestExecutionEngine.ExecuteStepMatch(BindingMatch match, Object[] arguments, TimeSpan& duration)\r\n   at TechTalk.SpecFlow.Infrastructure.TestExecutionEngine.ExecuteStep(IContextManager contextManager, StepInstance stepInstance)","flaky":false,"newFailed":false,"newBroken":false,"newPassed":false,"retriesCount":0,"retriesStatusChange":false,"beforeStages":[{"name":"OpenBrowser [10000]","time":{"start":1686064886706,"stop":1686064895071,"duration":8365},"status":"passed","steps":[],"attachments":[],"parameters":[],"stepsCount":0,"attachmentsCount":0,"shouldDisplayMessage":false,"hasContent":false},{"name":"OpenBrowser [10000]","time":{"start":1686064895071,"stop":1686064895953,"duration":882},"status":"passed","steps":[],"attachments":[],"parameters":[],"stepsCount":0,"attachmentsCount":0,"shouldDisplayMessage":false,"hasContent":false}],"testStage":{"status":"failed","statusMessage":"no such element: Unable to locate element: {\"method\":\"xpath\",\"selector\":\"(//ul[@id='projects_list']/li//span[text()='Mojix2023'])[last()]\"}\n  (Session info: chrome=113.0.5672.129)","statusTrace":"OpenQA.Selenium.NoSuchElementException: no such element: Unable to locate element: {\"method\":\"xpath\",\"selector\":\"(//ul[@id='projects_list']/li//span[text()='Mojix2023'])[last()]\"}\n  (Session info: chrome=113.0.5672.129)\r\n   at OpenQA.Selenium.WebDriver.UnpackAndThrowOnError(Response errorResponse, String commandToExecute)\r\n   at OpenQA.Selenium.WebDriver.Execute(String driverCommandToExecute, Dictionary`2 parameters)\r\n   at OpenQA.Selenium.WebDriver.FindElement(String mechanism, String value)\r\n   at OpenQA.Selenium.By.<.ctor>b__11_0(ISearchContext context)\r\n   at OpenQA.Selenium.By.FindElement(ISearchContext context)\r\n   at OpenQA.Selenium.WebDriver.FindElement(By by)\r\n   at Todoist_BDD.src.code.control.Control.FindControl() in D:\\QABootcamp\\Todoist-BDD\\Todoist-BDD\\src\\code\\control\\Control.cs:line 23\r\n   at Todoist_BDD.src.code.control.Button.HoverOnButton() in D:\\QABootcamp\\Todoist-BDD\\Todoist-BDD\\src\\code\\control\\Button.cs:line 29\r\n   at Todoist_BDD.src.code.page.ProjectsSection.HoverOnCreatedProject(String pjName) in D:\\QABootcamp\\Todoist-BDD\\Todoist-BDD\\src\\code\\page\\ProjectsSection.cs:line 29\r\n   at Todoist_BDD.src.code.test.specflow.ZDeleteProjectStepDefinitions.WhenIHoverOnProjectWithName(String projectName) in D:\\QABootcamp\\Todoist-BDD\\Todoist-BDD\\src\\code\\test\\specflow\\DeleteProjectStepDefinitions.cs:line 23\r\n   at TechTalk.SpecFlow.Bindings.BindingInvoker.InvokeBinding(IBinding binding, IContextManager contextManager, Object[] arguments, ITestTracer testTracer, TimeSpan& duration)\r\n   at Allure.SpecFlowPlugin.AllureBindingInvoker.InvokeBinding(IBinding binding, IContextManager contextManager, Object[] arguments, ITestTracer testTracer, TimeSpan& duration)\r\n   at TechTalk.SpecFlow.Infrastructure.TestExecutionEngine.ExecuteStepMatch(BindingMatch match, Object[] arguments, TimeSpan& duration)\r\n   at TechTalk.SpecFlow.Infrastructure.TestExecutionEngine.ExecuteStep(IContextManager contextManager, StepInstance stepInstance)","steps":[{"name":"Given  I am correctly logged in","time":{"start":1686064895953,"stop":1686064898724,"duration":2771},"status":"passed","steps":[],"attachments":[],"parameters":[],"stepsCount":0,"attachmentsCount":0,"shouldDisplayMessage":false,"hasContent":false},{"name":"When  I hover on project with name \"Mojix2023\"","time":{"start":1686064898724,"stop":1686064918789,"duration":20065},"status":"failed","steps":[],"attachments":[],"parameters":[],"stepsCount":0,"attachmentsCount":0,"shouldDisplayMessage":false,"hasContent":false},{"name":"And  I right click on it","time":{"start":1686064918790,"stop":1686064918791,"duration":1},"status":"skipped","steps":[],"attachments":[],"parameters":[],"stepsCount":0,"attachmentsCount":0,"shouldDisplayMessage":false,"hasContent":false},{"name":"And  I click on delete project button","time":{"start":1686064918792,"stop":1686064918792,"duration":0},"status":"skipped","steps":[],"attachments":[],"parameters":[],"stepsCount":0,"attachmentsCount":0,"shouldDisplayMessage":false,"hasContent":false},{"name":"And  I confirm the project deletion","time":{"start":1686064918792,"stop":1686064918792,"duration":0},"status":"skipped","steps":[],"attachments":[],"parameters":[],"stepsCount":0,"attachmentsCount":0,"shouldDisplayMessage":false,"hasContent":false},{"name":"Then  I expect the project to be deleted","time":{"start":1686064918792,"stop":1686064918792,"duration":0},"status":"skipped","steps":[],"attachments":[],"parameters":[],"stepsCount":0,"attachmentsCount":0,"shouldDisplayMessage":false,"hasContent":false}],"attachments":[],"parameters":[],"stepsCount":6,"attachmentsCount":0,"shouldDisplayMessage":true,"hasContent":true},"afterStages":[{"name":"CloseBrowser [10000]","time":{"start":1686064918794,"stop":1686064918854,"duration":60},"status":"passed","steps":[],"attachments":[],"parameters":[],"stepsCount":0,"attachmentsCount":0,"shouldDisplayMessage":false,"hasContent":false},{"name":"CloseBrowser [10000]","time":{"start":1686064918854,"stop":1686064920063,"duration":1209},"status":"passed","steps":[],"attachments":[],"parameters":[],"stepsCount":0,"attachmentsCount":0,"shouldDisplayMessage":false,"hasContent":false}],"labels":[{"name":"thread","value":"NonParallelWorker"},{"name":"host","value":"DESKTOP-4S814UH"},{"name":"feature","value":"TodoistCRUD"},{"name":"tag","value":"project-deletion"},{"name":"tag","value":"functionality"},{"name":"resultFormat","value":"allure2"}],"parameters":[],"links":[],"hidden":true,"retry":true,"extra":{"categories":[],"tags":["project-deletion","functionality"]},"source":"b12634b735d2edca.json","parameterValues":[]}