{"uid":"b13a8dfd867f3a12","name":"TC03Updating Project Name","fullName":"TC03Updating Project Name","historyId":"TC03Updating Project Name","time":{"start":1686079571422,"stop":1686079583451,"duration":12029},"status":"failed","statusMessage":"no such element: Unable to locate element: {\"method\":\"xpath\",\"selector\":\"//li/a[contains(@href,'login')]\"}\n  (Session info: headless chrome=113.0.5672.129)","statusTrace":"OpenQA.Selenium.NoSuchElementException: no such element: Unable to locate element: {\"method\":\"xpath\",\"selector\":\"//li/a[contains(@href,'login')]\"}\n  (Session info: headless chrome=113.0.5672.129)\r\n   at OpenQA.Selenium.WebDriver.UnpackAndThrowOnError(Response errorResponse, String commandToExecute)\r\n   at OpenQA.Selenium.WebDriver.Execute(String driverCommandToExecute, Dictionary`2 parameters)\r\n   at OpenQA.Selenium.WebDriver.FindElement(String mechanism, String value)\r\n   at OpenQA.Selenium.By.<.ctor>b__11_0(ISearchContext context)\r\n   at OpenQA.Selenium.By.FindElement(ISearchContext context)\r\n   at OpenQA.Selenium.WebDriver.FindElement(By by)\r\n   at Todoist_BDD.src.code.control.Control.FindControl() in D:\\QABootcamp\\Todoist-BDD\\Todoist-BDD\\src\\code\\control\\Control.cs:line 23\r\n   at Todoist_BDD.src.code.control.Control.Click() in D:\\QABootcamp\\Todoist-BDD\\Todoist-BDD\\src\\code\\control\\Control.cs:line 28\r\n   at Todoist_BDD.src.code.test.specflow.BaseSteps.LogIn(String email, String password) in D:\\QABootcamp\\Todoist-BDD\\Todoist-BDD\\src\\code\\test\\specflow\\BaseSteps.cs:line 17\r\n   at Todoist_BDD.src.code.test.specflow.UpdateProjectNameStepDefinitions.GivenIAmCorrectlyLoggedIn() in D:\\QABootcamp\\Todoist-BDD\\Todoist-BDD\\src\\code\\test\\specflow\\UpdateProjectNameStepDefinitions.cs:line 16\r\n   at TechTalk.SpecFlow.Bindings.BindingInvoker.InvokeBinding(IBinding binding, IContextManager contextManager, Object[] arguments, ITestTracer testTracer, TimeSpan& duration)\r\n   at Allure.SpecFlowPlugin.AllureBindingInvoker.InvokeBinding(IBinding binding, IContextManager contextManager, Object[] arguments, ITestTracer testTracer, TimeSpan& duration)\r\n   at TechTalk.SpecFlow.Infrastructure.TestExecutionEngine.ExecuteStepMatch(BindingMatch match, Object[] arguments, TimeSpan& duration)\r\n   at TechTalk.SpecFlow.Infrastructure.TestExecutionEngine.ExecuteStep(IContextManager contextManager, StepInstance stepInstance)","flaky":false,"newFailed":false,"newBroken":false,"newPassed":false,"retriesCount":0,"retriesStatusChange":false,"beforeStages":[],"testStage":{"status":"failed","statusMessage":"no such element: Unable to locate element: {\"method\":\"xpath\",\"selector\":\"//li/a[contains(@href,'login')]\"}\n  (Session info: headless chrome=113.0.5672.129)","statusTrace":"OpenQA.Selenium.NoSuchElementException: no such element: Unable to locate element: {\"method\":\"xpath\",\"selector\":\"//li/a[contains(@href,'login')]\"}\n  (Session info: headless chrome=113.0.5672.129)\r\n   at OpenQA.Selenium.WebDriver.UnpackAndThrowOnError(Response errorResponse, String commandToExecute)\r\n   at OpenQA.Selenium.WebDriver.Execute(String driverCommandToExecute, Dictionary`2 parameters)\r\n   at OpenQA.Selenium.WebDriver.FindElement(String mechanism, String value)\r\n   at OpenQA.Selenium.By.<.ctor>b__11_0(ISearchContext context)\r\n   at OpenQA.Selenium.By.FindElement(ISearchContext context)\r\n   at OpenQA.Selenium.WebDriver.FindElement(By by)\r\n   at Todoist_BDD.src.code.control.Control.FindControl() in D:\\QABootcamp\\Todoist-BDD\\Todoist-BDD\\src\\code\\control\\Control.cs:line 23\r\n   at Todoist_BDD.src.code.control.Control.Click() in D:\\QABootcamp\\Todoist-BDD\\Todoist-BDD\\src\\code\\control\\Control.cs:line 28\r\n   at Todoist_BDD.src.code.test.specflow.BaseSteps.LogIn(String email, String password) in D:\\QABootcamp\\Todoist-BDD\\Todoist-BDD\\src\\code\\test\\specflow\\BaseSteps.cs:line 17\r\n   at Todoist_BDD.src.code.test.specflow.UpdateProjectNameStepDefinitions.GivenIAmCorrectlyLoggedIn() in D:\\QABootcamp\\Todoist-BDD\\Todoist-BDD\\src\\code\\test\\specflow\\UpdateProjectNameStepDefinitions.cs:line 16\r\n   at TechTalk.SpecFlow.Bindings.BindingInvoker.InvokeBinding(IBinding binding, IContextManager contextManager, Object[] arguments, ITestTracer testTracer, TimeSpan& duration)\r\n   at Allure.SpecFlowPlugin.AllureBindingInvoker.InvokeBinding(IBinding binding, IContextManager contextManager, Object[] arguments, ITestTracer testTracer, TimeSpan& duration)\r\n   at TechTalk.SpecFlow.Infrastructure.TestExecutionEngine.ExecuteStepMatch(BindingMatch match, Object[] arguments, TimeSpan& duration)\r\n   at TechTalk.SpecFlow.Infrastructure.TestExecutionEngine.ExecuteStep(IContextManager contextManager, StepInstance stepInstance)","steps":[{"name":"Given  I am correctly logged in","time":{"start":1686079571422,"stop":1686079583450,"duration":12028},"status":"failed","steps":[],"attachments":[],"parameters":[],"stepsCount":0,"attachmentsCount":0,"shouldDisplayMessage":false,"hasContent":false},{"name":"When  I hover on project with name \"MojixProject\"","time":{"start":1686079583450,"stop":1686079583451,"duration":1},"status":"skipped","steps":[],"attachments":[],"parameters":[],"stepsCount":0,"attachmentsCount":0,"shouldDisplayMessage":false,"hasContent":false},{"name":"And  I right click on it","time":{"start":1686079583451,"stop":1686079583451,"duration":0},"status":"skipped","steps":[],"attachments":[],"parameters":[],"stepsCount":0,"attachmentsCount":0,"shouldDisplayMessage":false,"hasContent":false},{"name":"And  I click on edit project button","time":{"start":1686079583451,"stop":1686079583451,"duration":0},"status":"skipped","steps":[],"attachments":[],"parameters":[],"stepsCount":0,"attachmentsCount":0,"shouldDisplayMessage":false,"hasContent":false},{"name":"And  I change the project name to \"Mojix2023\"","time":{"start":1686079583451,"stop":1686079583451,"duration":0},"status":"skipped","steps":[],"attachments":[],"parameters":[],"stepsCount":0,"attachmentsCount":0,"shouldDisplayMessage":false,"hasContent":false},{"name":"Then  I expect the project name changed in projects list","time":{"start":1686079583451,"stop":1686079583451,"duration":0},"status":"skipped","steps":[],"attachments":[],"parameters":[],"stepsCount":0,"attachmentsCount":0,"shouldDisplayMessage":false,"hasContent":false}],"attachments":[],"parameters":[],"stepsCount":6,"attachmentsCount":0,"shouldDisplayMessage":true,"hasContent":true},"afterStages":[],"labels":[{"name":"thread","value":"NonParallelWorker"},{"name":"host","value":"DESKTOP-4S814UH"},{"name":"feature","value":"TodoistCRUD"},{"name":"tag","value":"update-project-name"},{"name":"tag","value":"functionality"},{"name":"resultFormat","value":"allure2"}],"parameters":[],"links":[],"hidden":true,"retry":true,"extra":{"categories":[],"tags":["update-project-name","functionality"]},"source":"b13a8dfd867f3a12.json","parameterValues":[]}